<?xml version="1.0" encoding="UTF-8"?>
<robot generator="Robot 5.0.1 (Python 3.8.1 on win32)" generated="20220718 12:34:31.810" rpa="false" schemaversion="3">
<suite id="s1" name="TS 010" source="C:\Users\marek\OneDrive\Počítač\MarekMitrik_www-aboutyou-sk_24-4-2022\Automatic Tests\TS_010\TS_010.robot">
<test id="s1-t1" name="TC_001" line="36">
<kw name="Otevri browser a stranku a zkontroluj">
<kw name="Open Browser" library="SeleniumLibrary">
<arg>${URL}</arg>
<arg>Chrome</arg>
<doc>Opens a new browser instance to the optional ``url``.</doc>
<msg timestamp="20220718 12:34:32.215" level="INFO">Opening browser 'Chrome' to base url 'https://www.aboutyou.sk/tvoj-obchod'.</msg>
<status status="PASS" starttime="20220718 12:34:32.214" endtime="20220718 12:34:37.764"/>
</kw>
<kw name="Maximize Browser Window" library="SeleniumLibrary">
<doc>Maximizes current browser window.</doc>
<status status="PASS" starttime="20220718 12:34:37.765" endtime="20220718 12:34:37.890"/>
</kw>
<kw name="Location Should Be" library="SeleniumLibrary">
<arg>${URL}</arg>
<doc>Verifies that the current URL is exactly ``url``.</doc>
<msg timestamp="20220718 12:34:37.902" level="INFO">Current location is 'https://www.aboutyou.sk/tvoj-obchod'.</msg>
<status status="PASS" starttime="20220718 12:34:37.890" endtime="20220718 12:34:37.902"/>
</kw>
<kw name="Wait Until Element Is Visible" library="SeleniumLibrary">
<arg>//button[@id='onetrust-accept-btn-handler']</arg>
<doc>Waits until the element ``locator`` is visible.</doc>
<status status="PASS" starttime="20220718 12:34:37.902" endtime="20220718 12:34:37.926"/>
</kw>
<kw name="Click Element" library="SeleniumLibrary">
<arg>//button[@id='onetrust-accept-btn-handler']</arg>
<doc>Click the element identified by ``locator``.</doc>
<msg timestamp="20220718 12:34:37.927" level="INFO">Clicking element '//button[@id='onetrust-accept-btn-handler']'.</msg>
<status status="PASS" starttime="20220718 12:34:37.926" endtime="20220718 12:34:38.114"/>
</kw>
<status status="PASS" starttime="20220718 12:34:32.214" endtime="20220718 12:34:38.114"/>
</kw>
<kw name="Click Element" library="SeleniumLibrary">
<arg>xpath=//span[contains(text(),'Ženy')]</arg>
<doc>Click the element identified by ``locator``.</doc>
<msg timestamp="20220718 12:34:38.116" level="INFO">Clicking element 'xpath=//span[contains(text(),'Ženy')]'.</msg>
<status status="PASS" starttime="20220718 12:34:38.116" endtime="20220718 12:34:38.393"/>
</kw>
<kw name="Wait Until Location Is" library="SeleniumLibrary">
<arg>https://www.aboutyou.sk/?gender=female</arg>
<doc>Waits until the current URL is ``expected``.</doc>
<status status="PASS" starttime="20220718 12:34:38.395" endtime="20220718 12:34:38.467"/>
</kw>
<kw name="Capture Page Screenshot" library="SeleniumLibrary">
<doc>Takes a screenshot of the current page and embeds it into a log file.</doc>
<msg timestamp="20220718 12:34:38.627" level="INFO" html="true">&lt;/td&gt;&lt;/tr&gt;&lt;tr&gt;&lt;td colspan="3"&gt;&lt;a href="selenium-screenshot-1.png"&gt;&lt;img src="selenium-screenshot-1.png" width="800px"&gt;&lt;/a&gt;</msg>
<status status="PASS" starttime="20220718 12:34:38.467" endtime="20220718 12:34:38.627"/>
</kw>
<kw name="Close Browser" library="SeleniumLibrary">
<doc>Closes the current browser.</doc>
<status status="PASS" starttime="20220718 12:34:38.630" endtime="20220718 12:34:40.788"/>
</kw>
<status status="PASS" starttime="20220718 12:34:32.212" endtime="20220718 12:34:40.790"/>
</test>
<test id="s1-t2" name="TC_002" line="43">
<kw name="Otevri browser a stranku a zkontroluj">
<kw name="Open Browser" library="SeleniumLibrary">
<arg>${URL}</arg>
<arg>Chrome</arg>
<doc>Opens a new browser instance to the optional ``url``.</doc>
<msg timestamp="20220718 12:34:40.801" level="INFO">Opening browser 'Chrome' to base url 'https://www.aboutyou.sk/tvoj-obchod'.</msg>
<status status="PASS" starttime="20220718 12:34:40.800" endtime="20220718 12:34:45.917"/>
</kw>
<kw name="Maximize Browser Window" library="SeleniumLibrary">
<doc>Maximizes current browser window.</doc>
<status status="PASS" starttime="20220718 12:34:45.917" endtime="20220718 12:34:46.064"/>
</kw>
<kw name="Location Should Be" library="SeleniumLibrary">
<arg>${URL}</arg>
<doc>Verifies that the current URL is exactly ``url``.</doc>
<msg timestamp="20220718 12:34:46.078" level="INFO">Current location is 'https://www.aboutyou.sk/tvoj-obchod'.</msg>
<status status="PASS" starttime="20220718 12:34:46.065" endtime="20220718 12:34:46.078"/>
</kw>
<kw name="Wait Until Element Is Visible" library="SeleniumLibrary">
<arg>//button[@id='onetrust-accept-btn-handler']</arg>
<doc>Waits until the element ``locator`` is visible.</doc>
<status status="PASS" starttime="20220718 12:34:46.079" endtime="20220718 12:34:46.146"/>
</kw>
<kw name="Click Element" library="SeleniumLibrary">
<arg>//button[@id='onetrust-accept-btn-handler']</arg>
<doc>Click the element identified by ``locator``.</doc>
<msg timestamp="20220718 12:34:46.146" level="INFO">Clicking element '//button[@id='onetrust-accept-btn-handler']'.</msg>
<status status="PASS" starttime="20220718 12:34:46.146" endtime="20220718 12:34:46.348"/>
</kw>
<status status="PASS" starttime="20220718 12:34:40.798" endtime="20220718 12:34:46.348"/>
</kw>
<kw name="Click Element" library="SeleniumLibrary">
<arg>xpath=//span[contains(text(),'Muži')]</arg>
<doc>Click the element identified by ``locator``.</doc>
<msg timestamp="20220718 12:34:46.349" level="INFO">Clicking element 'xpath=//span[contains(text(),'Muži')]'.</msg>
<status status="PASS" starttime="20220718 12:34:46.349" endtime="20220718 12:34:46.695"/>
</kw>
<kw name="Wait Until Location Is" library="SeleniumLibrary">
<arg>https://www.aboutyou.sk/?gender=male</arg>
<doc>Waits until the current URL is ``expected``.</doc>
<status status="PASS" starttime="20220718 12:34:46.695" endtime="20220718 12:34:46.766"/>
</kw>
<kw name="Capture Page Screenshot" library="SeleniumLibrary">
<doc>Takes a screenshot of the current page and embeds it into a log file.</doc>
<msg timestamp="20220718 12:34:47.008" level="INFO" html="true">&lt;/td&gt;&lt;/tr&gt;&lt;tr&gt;&lt;td colspan="3"&gt;&lt;a href="selenium-screenshot-2.png"&gt;&lt;img src="selenium-screenshot-2.png" width="800px"&gt;&lt;/a&gt;</msg>
<status status="PASS" starttime="20220718 12:34:46.767" endtime="20220718 12:34:47.008"/>
</kw>
<kw name="Close Browser" library="SeleniumLibrary">
<doc>Closes the current browser.</doc>
<status status="PASS" starttime="20220718 12:34:47.009" endtime="20220718 12:34:49.163"/>
</kw>
<status status="PASS" starttime="20220718 12:34:40.796" endtime="20220718 12:34:49.164"/>
</test>
<test id="s1-t3" name="TC_003" line="50">
<kw name="Otevri browser a stranku a zkontroluj">
<kw name="Open Browser" library="SeleniumLibrary">
<arg>${URL}</arg>
<arg>Chrome</arg>
<doc>Opens a new browser instance to the optional ``url``.</doc>
<msg timestamp="20220718 12:34:49.171" level="INFO">Opening browser 'Chrome' to base url 'https://www.aboutyou.sk/tvoj-obchod'.</msg>
<status status="PASS" starttime="20220718 12:34:49.170" endtime="20220718 12:34:54.730"/>
</kw>
<kw name="Maximize Browser Window" library="SeleniumLibrary">
<doc>Maximizes current browser window.</doc>
<status status="PASS" starttime="20220718 12:34:54.731" endtime="20220718 12:34:54.862"/>
</kw>
<kw name="Location Should Be" library="SeleniumLibrary">
<arg>${URL}</arg>
<doc>Verifies that the current URL is exactly ``url``.</doc>
<msg timestamp="20220718 12:34:54.870" level="INFO">Current location is 'https://www.aboutyou.sk/tvoj-obchod'.</msg>
<status status="PASS" starttime="20220718 12:34:54.862" endtime="20220718 12:34:54.870"/>
</kw>
<kw name="Wait Until Element Is Visible" library="SeleniumLibrary">
<arg>//button[@id='onetrust-accept-btn-handler']</arg>
<doc>Waits until the element ``locator`` is visible.</doc>
<status status="PASS" starttime="20220718 12:34:54.870" endtime="20220718 12:34:54.936"/>
</kw>
<kw name="Click Element" library="SeleniumLibrary">
<arg>//button[@id='onetrust-accept-btn-handler']</arg>
<doc>Click the element identified by ``locator``.</doc>
<msg timestamp="20220718 12:34:54.937" level="INFO">Clicking element '//button[@id='onetrust-accept-btn-handler']'.</msg>
<status status="PASS" starttime="20220718 12:34:54.936" endtime="20220718 12:34:55.099"/>
</kw>
<status status="PASS" starttime="20220718 12:34:49.169" endtime="20220718 12:34:55.099"/>
</kw>
<kw name="Click Element" library="SeleniumLibrary">
<arg>xpath=//span[contains(text(),'Deti')]</arg>
<doc>Click the element identified by ``locator``.</doc>
<msg timestamp="20220718 12:34:55.100" level="INFO">Clicking element 'xpath=//span[contains(text(),'Deti')]'.</msg>
<status status="PASS" starttime="20220718 12:34:55.099" endtime="20220718 12:34:55.354"/>
</kw>
<kw name="Wait Until Location Is" library="SeleniumLibrary">
<arg>https://www.aboutyou.sk/c/deti-138113</arg>
<doc>Waits until the current URL is ``expected``.</doc>
<status status="PASS" starttime="20220718 12:34:55.354" endtime="20220718 12:34:55.406"/>
</kw>
<kw name="Capture Page Screenshot" library="SeleniumLibrary">
<doc>Takes a screenshot of the current page and embeds it into a log file.</doc>
<msg timestamp="20220718 12:34:55.571" level="INFO" html="true">&lt;/td&gt;&lt;/tr&gt;&lt;tr&gt;&lt;td colspan="3"&gt;&lt;a href="selenium-screenshot-3.png"&gt;&lt;img src="selenium-screenshot-3.png" width="800px"&gt;&lt;/a&gt;</msg>
<status status="PASS" starttime="20220718 12:34:55.409" endtime="20220718 12:34:55.571"/>
</kw>
<kw name="Close Browser" library="SeleniumLibrary">
<doc>Closes the current browser.</doc>
<status status="PASS" starttime="20220718 12:34:55.572" endtime="20220718 12:34:57.714"/>
</kw>
<status status="PASS" starttime="20220718 12:34:49.168" endtime="20220718 12:34:57.716"/>
</test>
<status status="PASS" starttime="20220718 12:34:31.813" endtime="20220718 12:34:57.722"/>
</suite>
<statistics>
<total>
<stat pass="3" fail="0" skip="0">All Tests</stat>
</total>
<tag>
</tag>
<suite>
<stat pass="3" fail="0" skip="0" id="s1" name="TS 010">TS 010</stat>
</suite>
</statistics>
<errors>
</errors>
</robot>
