<?xml version="1.0" encoding="UTF-8"?>
<robot generator="Robot 5.0.1 (Python 3.8.1 on win32)" generated="20220718 12:31:31.326" rpa="false" schemaversion="3">
<suite id="s1" name="TS 007" source="C:\Users\marek\OneDrive\Počítač\MarekMitrik_www-aboutyou-sk_24-4-2022\Automatic Tests\TS_007\TS_007.robot">
<test id="s1-t1" name="TC_001" line="36">
<kw name="Otevri browser a stranku a zkontroluj">
<kw name="Open Browser" library="SeleniumLibrary">
<arg>${URL}</arg>
<arg>Chrome</arg>
<doc>Opens a new browser instance to the optional ``url``.</doc>
<msg timestamp="20220718 12:31:31.765" level="INFO">Opening browser 'Chrome' to base url 'https://www.aboutyou.sk/tvoj-obchod'.</msg>
<status status="PASS" starttime="20220718 12:31:31.764" endtime="20220718 12:31:37.113"/>
</kw>
<kw name="Maximize Browser Window" library="SeleniumLibrary">
<doc>Maximizes current browser window.</doc>
<status status="PASS" starttime="20220718 12:31:37.113" endtime="20220718 12:31:37.292"/>
</kw>
<kw name="Location Should Be" library="SeleniumLibrary">
<arg>${URL}</arg>
<doc>Verifies that the current URL is exactly ``url``.</doc>
<msg timestamp="20220718 12:31:37.312" level="INFO">Current location is 'https://www.aboutyou.sk/tvoj-obchod'.</msg>
<status status="PASS" starttime="20220718 12:31:37.292" endtime="20220718 12:31:37.312"/>
</kw>
<kw name="Wait Until Element Is Visible" library="SeleniumLibrary">
<arg>//button[@id='onetrust-accept-btn-handler']</arg>
<doc>Waits until the element ``locator`` is visible.</doc>
<status status="PASS" starttime="20220718 12:31:37.313" endtime="20220718 12:31:37.383"/>
</kw>
<kw name="Click Element" library="SeleniumLibrary">
<arg>//button[@id='onetrust-accept-btn-handler']</arg>
<doc>Click the element identified by ``locator``.</doc>
<msg timestamp="20220718 12:31:37.383" level="INFO">Clicking element '//button[@id='onetrust-accept-btn-handler']'.</msg>
<status status="PASS" starttime="20220718 12:31:37.383" endtime="20220718 12:31:37.590"/>
</kw>
<status status="PASS" starttime="20220718 12:31:31.762" endtime="20220718 12:31:37.590"/>
</kw>
<kw name="Click Element" library="SeleniumLibrary">
<arg>xpath=//header/div[1]/div[1]/div[3]/ul[1]/li[1]/div[1]/form[1]/button[1]/*[1]</arg>
<doc>Click the element identified by ``locator``.</doc>
<msg timestamp="20220718 12:31:37.591" level="INFO">Clicking element 'xpath=//header/div[1]/div[1]/div[3]/ul[1]/li[1]/div[1]/form[1]/button[1]/*[1]'.</msg>
<status status="PASS" starttime="20220718 12:31:37.591" endtime="20220718 12:31:37.801"/>
</kw>
<kw name="Input Text" library="SeleniumLibrary">
<arg>xpath=//header/div[1]/div[1]/div[3]/ul[1]/li[1]/div[1]/form[1]/input[1]</arg>
<arg>psoaddhufiiuh</arg>
<doc>Types the given ``text`` into the text field identified by ``locator``.</doc>
<msg timestamp="20220718 12:31:37.804" level="INFO">Typing text 'psoaddhufiiuh' into text field 'xpath=//header/div[1]/div[1]/div[3]/ul[1]/li[1]/div[1]/form[1]/input[1]'.</msg>
<status status="PASS" starttime="20220718 12:31:37.803" endtime="20220718 12:31:38.134"/>
</kw>
<kw name="Press Keys" library="SeleniumLibrary">
<arg>xpath=//header/div[1]/div[1]/div[3]/ul[1]/li[1]/div[1]/form[1]/input[1]</arg>
<arg>\ue007</arg>
<doc>Simulates the user pressing key(s) to an element or on the active browser.</doc>
<msg timestamp="20220718 12:31:38.135" level="INFO">Sending key(s) ('\ue007',) to xpath=//header/div[1]/div[1]/div[3]/ul[1]/li[1]/div[1]/form[1]/input[1] element.</msg>
<msg timestamp="20220718 12:31:38.441" level="INFO">Sending key </msg>
<status status="PASS" starttime="20220718 12:31:38.135" endtime="20220718 12:31:38.651"/>
</kw>
<kw name="Wait Until Page Contains Element" library="SeleniumLibrary">
<arg>//div[contains(text(),'Bohužiaľ, nenašli sme žiadne výsledky pre"psoaddhu')]</arg>
<doc>Waits until the element ``locator`` appears on the current page.</doc>
<status status="PASS" starttime="20220718 12:31:38.652" endtime="20220718 12:31:40.535"/>
</kw>
<kw name="Capture Page Screenshot" library="SeleniumLibrary">
<doc>Takes a screenshot of the current page and embeds it into a log file.</doc>
<msg timestamp="20220718 12:31:40.673" level="INFO" html="true">&lt;/td&gt;&lt;/tr&gt;&lt;tr&gt;&lt;td colspan="3"&gt;&lt;a href="selenium-screenshot-1.png"&gt;&lt;img src="selenium-screenshot-1.png" width="800px"&gt;&lt;/a&gt;</msg>
<status status="PASS" starttime="20220718 12:31:40.535" endtime="20220718 12:31:40.673"/>
</kw>
<kw name="Close Browser" library="SeleniumLibrary">
<doc>Closes the current browser.</doc>
<status status="PASS" starttime="20220718 12:31:40.674" endtime="20220718 12:31:42.818"/>
</kw>
<status status="PASS" starttime="20220718 12:31:31.760" endtime="20220718 12:31:42.820"/>
</test>
<test id="s1-t2" name="TC_002" line="45">
<kw name="Otevri browser a stranku a zkontroluj">
<kw name="Open Browser" library="SeleniumLibrary">
<arg>${URL}</arg>
<arg>Chrome</arg>
<doc>Opens a new browser instance to the optional ``url``.</doc>
<msg timestamp="20220718 12:31:42.831" level="INFO">Opening browser 'Chrome' to base url 'https://www.aboutyou.sk/tvoj-obchod'.</msg>
<status status="PASS" starttime="20220718 12:31:42.829" endtime="20220718 12:31:49.872"/>
</kw>
<kw name="Maximize Browser Window" library="SeleniumLibrary">
<doc>Maximizes current browser window.</doc>
<status status="PASS" starttime="20220718 12:31:49.873" endtime="20220718 12:31:50.067"/>
</kw>
<kw name="Location Should Be" library="SeleniumLibrary">
<arg>${URL}</arg>
<doc>Verifies that the current URL is exactly ``url``.</doc>
<msg timestamp="20220718 12:31:50.077" level="INFO">Current location is 'https://www.aboutyou.sk/tvoj-obchod'.</msg>
<status status="PASS" starttime="20220718 12:31:50.068" endtime="20220718 12:31:50.077"/>
</kw>
<kw name="Wait Until Element Is Visible" library="SeleniumLibrary">
<arg>//button[@id='onetrust-accept-btn-handler']</arg>
<doc>Waits until the element ``locator`` is visible.</doc>
<status status="PASS" starttime="20220718 12:31:50.077" endtime="20220718 12:31:50.101"/>
</kw>
<kw name="Click Element" library="SeleniumLibrary">
<arg>//button[@id='onetrust-accept-btn-handler']</arg>
<doc>Click the element identified by ``locator``.</doc>
<msg timestamp="20220718 12:31:50.101" level="INFO">Clicking element '//button[@id='onetrust-accept-btn-handler']'.</msg>
<status status="PASS" starttime="20220718 12:31:50.101" endtime="20220718 12:31:50.274"/>
</kw>
<status status="PASS" starttime="20220718 12:31:42.828" endtime="20220718 12:31:50.274"/>
</kw>
<kw name="Click Element" library="SeleniumLibrary">
<arg>xpath=//header/div[1]/div[1]/div[3]/ul[1]/li[1]/div[1]/form[1]/button[1]/*[1]</arg>
<doc>Click the element identified by ``locator``.</doc>
<msg timestamp="20220718 12:31:50.275" level="INFO">Clicking element 'xpath=//header/div[1]/div[1]/div[3]/ul[1]/li[1]/div[1]/form[1]/button[1]/*[1]'.</msg>
<status status="PASS" starttime="20220718 12:31:50.275" endtime="20220718 12:31:50.444"/>
</kw>
<kw name="Input Text" library="SeleniumLibrary">
<arg>xpath=//header/div[1]/div[1]/div[3]/ul[1]/li[1]/div[1]/form[1]/input[1]</arg>
<arg>tri</arg>
<doc>Types the given ``text`` into the text field identified by ``locator``.</doc>
<msg timestamp="20220718 12:31:50.445" level="INFO">Typing text 'tri' into text field 'xpath=//header/div[1]/div[1]/div[3]/ul[1]/li[1]/div[1]/form[1]/input[1]'.</msg>
<status status="PASS" starttime="20220718 12:31:50.444" endtime="20220718 12:31:50.636"/>
</kw>
<kw name="Wait Until Page Contains Element" library="SeleniumLibrary">
<arg>xpath=//div[contains(text(),'Gina Tricot')]</arg>
<doc>Waits until the element ``locator`` appears on the current page.</doc>
<status status="PASS" starttime="20220718 12:31:50.636" endtime="20220718 12:31:51.758"/>
</kw>
<kw name="Capture Page Screenshot" library="SeleniumLibrary">
<doc>Takes a screenshot of the current page and embeds it into a log file.</doc>
<msg timestamp="20220718 12:31:52.573" level="INFO" html="true">&lt;/td&gt;&lt;/tr&gt;&lt;tr&gt;&lt;td colspan="3"&gt;&lt;a href="selenium-screenshot-2.png"&gt;&lt;img src="selenium-screenshot-2.png" width="800px"&gt;&lt;/a&gt;</msg>
<status status="PASS" starttime="20220718 12:31:51.759" endtime="20220718 12:31:52.573"/>
</kw>
<kw name="Close Browser" library="SeleniumLibrary">
<doc>Closes the current browser.</doc>
<status status="PASS" starttime="20220718 12:31:52.577" endtime="20220718 12:31:54.726"/>
</kw>
<status status="PASS" starttime="20220718 12:31:42.826" endtime="20220718 12:31:54.728"/>
</test>
<test id="s1-t3" name="TC_003" line="53">
<kw name="Otevri browser a stranku a zkontroluj">
<kw name="Open Browser" library="SeleniumLibrary">
<arg>${URL}</arg>
<arg>Chrome</arg>
<doc>Opens a new browser instance to the optional ``url``.</doc>
<msg timestamp="20220718 12:31:54.739" level="INFO">Opening browser 'Chrome' to base url 'https://www.aboutyou.sk/tvoj-obchod'.</msg>
<status status="PASS" starttime="20220718 12:31:54.738" endtime="20220718 12:32:00.516"/>
</kw>
<kw name="Maximize Browser Window" library="SeleniumLibrary">
<doc>Maximizes current browser window.</doc>
<status status="PASS" starttime="20220718 12:32:00.517" endtime="20220718 12:32:00.670"/>
</kw>
<kw name="Location Should Be" library="SeleniumLibrary">
<arg>${URL}</arg>
<doc>Verifies that the current URL is exactly ``url``.</doc>
<msg timestamp="20220718 12:32:00.689" level="INFO">Current location is 'https://www.aboutyou.sk/tvoj-obchod'.</msg>
<status status="PASS" starttime="20220718 12:32:00.670" endtime="20220718 12:32:00.690"/>
</kw>
<kw name="Wait Until Element Is Visible" library="SeleniumLibrary">
<arg>//button[@id='onetrust-accept-btn-handler']</arg>
<doc>Waits until the element ``locator`` is visible.</doc>
<status status="PASS" starttime="20220718 12:32:00.690" endtime="20220718 12:32:00.752"/>
</kw>
<kw name="Click Element" library="SeleniumLibrary">
<arg>//button[@id='onetrust-accept-btn-handler']</arg>
<doc>Click the element identified by ``locator``.</doc>
<msg timestamp="20220718 12:32:00.752" level="INFO">Clicking element '//button[@id='onetrust-accept-btn-handler']'.</msg>
<status status="PASS" starttime="20220718 12:32:00.752" endtime="20220718 12:32:00.949"/>
</kw>
<status status="PASS" starttime="20220718 12:31:54.736" endtime="20220718 12:32:00.950"/>
</kw>
<kw name="Click Element" library="SeleniumLibrary">
<arg>xpath=//header/div[1]/div[1]/div[3]/ul[1]/li[1]/div[1]/form[1]/button[1]/*[1]</arg>
<doc>Click the element identified by ``locator``.</doc>
<msg timestamp="20220718 12:32:00.951" level="INFO">Clicking element 'xpath=//header/div[1]/div[1]/div[3]/ul[1]/li[1]/div[1]/form[1]/button[1]/*[1]'.</msg>
<status status="PASS" starttime="20220718 12:32:00.951" endtime="20220718 12:32:01.170"/>
</kw>
<kw name="Input Text" library="SeleniumLibrary">
<arg>xpath=//header/div[1]/div[1]/div[3]/ul[1]/li[1]/div[1]/form[1]/input[1]</arg>
<arg>tričká</arg>
<doc>Types the given ``text`` into the text field identified by ``locator``.</doc>
<msg timestamp="20220718 12:32:01.173" level="INFO">Typing text 'tričká' into text field 'xpath=//header/div[1]/div[1]/div[3]/ul[1]/li[1]/div[1]/form[1]/input[1]'.</msg>
<status status="PASS" starttime="20220718 12:32:01.173" endtime="20220718 12:32:01.493"/>
</kw>
<kw name="Wait Until Page Contains Element" library="SeleniumLibrary">
<arg>xpath=//header/div[1]/div[1]/div[3]/ul[1]/li[1]/div[1]/div[2]/div[1]/div[3]/div[2]/div[2]/div[1]/div[1]</arg>
<doc>Waits until the element ``locator`` appears on the current page.</doc>
<status status="PASS" starttime="20220718 12:32:01.493" endtime="20220718 12:32:02.644"/>
</kw>
<kw name="Click Element" library="SeleniumLibrary">
<arg>xpath=//header/div[1]/div[1]/div[3]/ul[1]/li[1]/div[1]/div[2]/div[1]/div[3]/div[2]/div[2]/div[1]/div[1]</arg>
<doc>Click the element identified by ``locator``.</doc>
<msg timestamp="20220718 12:32:02.645" level="INFO">Clicking element 'xpath=//header/div[1]/div[1]/div[3]/ul[1]/li[1]/div[1]/div[2]/div[1]/div[3]/div[2]/div[2]/div[1]/div[1]'.</msg>
<status status="PASS" starttime="20220718 12:32:02.645" endtime="20220718 12:32:02.853"/>
</kw>
<kw name="Location Should Be" library="SeleniumLibrary">
<arg>https://www.aboutyou.sk/p/triumph/tricka-na-spanie-7918385</arg>
<doc>Verifies that the current URL is exactly ``url``.</doc>
<msg timestamp="20220718 12:32:02.922" level="INFO">Current location is 'https://www.aboutyou.sk/p/triumph/tricka-na-spanie-7918385'.</msg>
<status status="PASS" starttime="20220718 12:32:02.854" endtime="20220718 12:32:02.922"/>
</kw>
<kw name="Capture Page Screenshot" library="SeleniumLibrary">
<doc>Takes a screenshot of the current page and embeds it into a log file.</doc>
<msg timestamp="20220718 12:32:03.284" level="INFO" html="true">&lt;/td&gt;&lt;/tr&gt;&lt;tr&gt;&lt;td colspan="3"&gt;&lt;a href="selenium-screenshot-3.png"&gt;&lt;img src="selenium-screenshot-3.png" width="800px"&gt;&lt;/a&gt;</msg>
<status status="PASS" starttime="20220718 12:32:02.923" endtime="20220718 12:32:03.284"/>
</kw>
<kw name="Close Browser" library="SeleniumLibrary">
<doc>Closes the current browser.</doc>
<status status="PASS" starttime="20220718 12:32:03.284" endtime="20220718 12:32:05.407"/>
</kw>
<status status="PASS" starttime="20220718 12:31:54.734" endtime="20220718 12:32:05.409"/>
</test>
<test id="s1-t4" name="TC_004" line="63">
<kw name="Otevri browser a stranku a zkontroluj">
<kw name="Open Browser" library="SeleniumLibrary">
<arg>${URL}</arg>
<arg>Chrome</arg>
<doc>Opens a new browser instance to the optional ``url``.</doc>
<msg timestamp="20220718 12:32:05.420" level="INFO">Opening browser 'Chrome' to base url 'https://www.aboutyou.sk/tvoj-obchod'.</msg>
<status status="PASS" starttime="20220718 12:32:05.418" endtime="20220718 12:32:11.871"/>
</kw>
<kw name="Maximize Browser Window" library="SeleniumLibrary">
<doc>Maximizes current browser window.</doc>
<status status="PASS" starttime="20220718 12:32:11.872" endtime="20220718 12:32:11.999"/>
</kw>
<kw name="Location Should Be" library="SeleniumLibrary">
<arg>${URL}</arg>
<doc>Verifies that the current URL is exactly ``url``.</doc>
<msg timestamp="20220718 12:32:12.006" level="INFO">Current location is 'https://www.aboutyou.sk/tvoj-obchod'.</msg>
<status status="PASS" starttime="20220718 12:32:11.999" endtime="20220718 12:32:12.006"/>
</kw>
<kw name="Wait Until Element Is Visible" library="SeleniumLibrary">
<arg>//button[@id='onetrust-accept-btn-handler']</arg>
<doc>Waits until the element ``locator`` is visible.</doc>
<status status="PASS" starttime="20220718 12:32:12.006" endtime="20220718 12:32:12.037"/>
</kw>
<kw name="Click Element" library="SeleniumLibrary">
<arg>//button[@id='onetrust-accept-btn-handler']</arg>
<doc>Click the element identified by ``locator``.</doc>
<msg timestamp="20220718 12:32:12.038" level="INFO">Clicking element '//button[@id='onetrust-accept-btn-handler']'.</msg>
<status status="PASS" starttime="20220718 12:32:12.037" endtime="20220718 12:32:12.198"/>
</kw>
<status status="PASS" starttime="20220718 12:32:05.417" endtime="20220718 12:32:12.198"/>
</kw>
<kw name="Click Element" library="SeleniumLibrary">
<arg>xpath=//header/div[1]/div[1]/div[3]/ul[1]/li[1]/div[1]/form[1]/button[1]/*[1]</arg>
<doc>Click the element identified by ``locator``.</doc>
<msg timestamp="20220718 12:32:12.199" level="INFO">Clicking element 'xpath=//header/div[1]/div[1]/div[3]/ul[1]/li[1]/div[1]/form[1]/button[1]/*[1]'.</msg>
<status status="PASS" starttime="20220718 12:32:12.199" endtime="20220718 12:32:12.348"/>
</kw>
<kw name="Input Text" library="SeleniumLibrary">
<arg>xpath=//header/div[1]/div[1]/div[3]/ul[1]/li[1]/div[1]/form[1]/input[1]</arg>
<arg>psoaddhufiiuh</arg>
<doc>Types the given ``text`` into the text field identified by ``locator``.</doc>
<msg timestamp="20220718 12:32:12.349" level="INFO">Typing text 'psoaddhufiiuh' into text field 'xpath=//header/div[1]/div[1]/div[3]/ul[1]/li[1]/div[1]/form[1]/input[1]'.</msg>
<status status="PASS" starttime="20220718 12:32:12.349" endtime="20220718 12:32:12.564"/>
</kw>
<kw name="Press Keys" library="SeleniumLibrary">
<arg>xpath=//header/div[1]/div[1]/div[3]/ul[1]/li[1]/div[1]/form[1]/input[1]</arg>
<arg>\ue007</arg>
<doc>Simulates the user pressing key(s) to an element or on the active browser.</doc>
<msg timestamp="20220718 12:32:12.565" level="INFO">Sending key(s) ('\ue007',) to xpath=//header/div[1]/div[1]/div[3]/ul[1]/li[1]/div[1]/form[1]/input[1] element.</msg>
<msg timestamp="20220718 12:32:12.863" level="INFO">Sending key </msg>
<status status="PASS" starttime="20220718 12:32:12.564" endtime="20220718 12:32:13.025"/>
</kw>
<kw name="Wait Until Page Contains Element" library="SeleniumLibrary">
<arg>//div[contains(text(),'Bohužiaľ, nenašli sme žiadne výsledky pre"psoaddhu')]</arg>
<doc>Waits until the element ``locator`` appears on the current page.</doc>
<status status="PASS" starttime="20220718 12:32:13.026" endtime="20220718 12:32:14.170"/>
</kw>
<kw name="Click Element" library="SeleniumLibrary">
<arg>xpath=//header/div[1]/div[1]/div[2]/span[1]/a[1]/span[1]</arg>
<doc>Click the element identified by ``locator``.</doc>
<msg timestamp="20220718 12:32:14.171" level="INFO">Clicking element 'xpath=//header/div[1]/div[1]/div[2]/span[1]/a[1]/span[1]'.</msg>
<status status="PASS" starttime="20220718 12:32:14.171" endtime="20220718 12:32:14.297"/>
</kw>
<kw name="Wait Until Page Contains Element" library="SeleniumLibrary">
<arg>xpath=//header/div[1]/div[1]/div[3]/ul[1]/li[1]/div[1]/form[1]/button[1]/*[1]</arg>
<doc>Waits until the element ``locator`` appears on the current page.</doc>
<status status="PASS" starttime="20220718 12:32:14.297" endtime="20220718 12:32:14.308"/>
</kw>
<kw name="Click Element" library="SeleniumLibrary">
<arg>xpath=//header/div[1]/div[1]/div[3]/ul[1]/li[1]/div[1]/form[1]/button[1]/*[1]</arg>
<doc>Click the element identified by ``locator``.</doc>
<msg timestamp="20220718 12:32:14.308" level="INFO">Clicking element 'xpath=//header/div[1]/div[1]/div[3]/ul[1]/li[1]/div[1]/form[1]/button[1]/*[1]'.</msg>
<status status="PASS" starttime="20220718 12:32:14.308" endtime="20220718 12:32:14.447"/>
</kw>
<kw name="Wait Until Page Contains Element" library="SeleniumLibrary">
<arg>xpath=//div[contains(text(),'psoaddhufiiuh')]</arg>
<doc>Waits until the element ``locator`` appears on the current page.</doc>
<status status="PASS" starttime="20220718 12:32:14.450" endtime="20220718 12:32:14.686"/>
</kw>
<kw name="Capture Page Screenshot" library="SeleniumLibrary">
<doc>Takes a screenshot of the current page and embeds it into a log file.</doc>
<msg timestamp="20220718 12:32:15.119" level="INFO" html="true">&lt;/td&gt;&lt;/tr&gt;&lt;tr&gt;&lt;td colspan="3"&gt;&lt;a href="selenium-screenshot-4.png"&gt;&lt;img src="selenium-screenshot-4.png" width="800px"&gt;&lt;/a&gt;</msg>
<status status="PASS" starttime="20220718 12:32:14.687" endtime="20220718 12:32:15.119"/>
</kw>
<kw name="Close Browser" library="SeleniumLibrary">
<doc>Closes the current browser.</doc>
<status status="PASS" starttime="20220718 12:32:15.139" endtime="20220718 12:32:17.311"/>
</kw>
<status status="PASS" starttime="20220718 12:32:05.415" endtime="20220718 12:32:17.313"/>
</test>
<test id="s1-t5" name="TC_005" line="76">
<kw name="Otevri browser a stranku a zkontroluj">
<kw name="Open Browser" library="SeleniumLibrary">
<arg>${URL}</arg>
<arg>Chrome</arg>
<doc>Opens a new browser instance to the optional ``url``.</doc>
<msg timestamp="20220718 12:32:17.325" level="INFO">Opening browser 'Chrome' to base url 'https://www.aboutyou.sk/tvoj-obchod'.</msg>
<status status="PASS" starttime="20220718 12:32:17.322" endtime="20220718 12:32:23.723"/>
</kw>
<kw name="Maximize Browser Window" library="SeleniumLibrary">
<doc>Maximizes current browser window.</doc>
<status status="PASS" starttime="20220718 12:32:23.723" endtime="20220718 12:32:23.844"/>
</kw>
<kw name="Location Should Be" library="SeleniumLibrary">
<arg>${URL}</arg>
<doc>Verifies that the current URL is exactly ``url``.</doc>
<msg timestamp="20220718 12:32:23.849" level="INFO">Current location is 'https://www.aboutyou.sk/tvoj-obchod'.</msg>
<status status="PASS" starttime="20220718 12:32:23.845" endtime="20220718 12:32:23.849"/>
</kw>
<kw name="Wait Until Element Is Visible" library="SeleniumLibrary">
<arg>//button[@id='onetrust-accept-btn-handler']</arg>
<doc>Waits until the element ``locator`` is visible.</doc>
<status status="PASS" starttime="20220718 12:32:23.849" endtime="20220718 12:32:23.917"/>
</kw>
<kw name="Click Element" library="SeleniumLibrary">
<arg>//button[@id='onetrust-accept-btn-handler']</arg>
<doc>Click the element identified by ``locator``.</doc>
<msg timestamp="20220718 12:32:23.917" level="INFO">Clicking element '//button[@id='onetrust-accept-btn-handler']'.</msg>
<status status="PASS" starttime="20220718 12:32:23.917" endtime="20220718 12:32:24.080"/>
</kw>
<status status="PASS" starttime="20220718 12:32:17.321" endtime="20220718 12:32:24.081"/>
</kw>
<kw name="Click Element" library="SeleniumLibrary">
<arg>xpath=//header/div[1]/div[1]/div[3]/ul[1]/li[1]/div[1]/form[1]/button[1]/*[1]</arg>
<doc>Click the element identified by ``locator``.</doc>
<msg timestamp="20220718 12:32:24.082" level="INFO">Clicking element 'xpath=//header/div[1]/div[1]/div[3]/ul[1]/li[1]/div[1]/form[1]/button[1]/*[1]'.</msg>
<status status="PASS" starttime="20220718 12:32:24.081" endtime="20220718 12:32:24.233"/>
</kw>
<kw name="Input Text" library="SeleniumLibrary">
<arg>xpath=//header/div[1]/div[1]/div[3]/ul[1]/li[1]/div[1]/form[1]/input[1]</arg>
<arg>ôasldfjkhgnblyksjdfghb</arg>
<doc>Types the given ``text`` into the text field identified by ``locator``.</doc>
<msg timestamp="20220718 12:32:24.235" level="INFO">Typing text 'ôasldfjkhgnblyksjdfghb' into text field 'xpath=//header/div[1]/div[1]/div[3]/ul[1]/li[1]/div[1]/form[1]/input[1]'.</msg>
<status status="PASS" starttime="20220718 12:32:24.235" endtime="20220718 12:32:24.566"/>
</kw>
<kw name="Click Element" library="SeleniumLibrary">
<arg>xpath=//header/div[1]/div[1]/div[3]/ul[1]/li[1]/div[1]/form[1]/button[2]/*[1]</arg>
<doc>Click the element identified by ``locator``.</doc>
<msg timestamp="20220718 12:32:24.567" level="INFO">Clicking element 'xpath=//header/div[1]/div[1]/div[3]/ul[1]/li[1]/div[1]/form[1]/button[2]/*[1]'.</msg>
<status status="PASS" starttime="20220718 12:32:24.566" endtime="20220718 12:32:24.611"/>
</kw>
<kw name="Page Should Not Contain Element" library="SeleniumLibrary">
<arg>xpath://div[contains(text(),'ôasldfjkhgnblyksjdfghb')]</arg>
<doc>Verifies that element ``locator`` is not found on the current page.</doc>
<msg timestamp="20220718 12:32:24.623" level="INFO">Current page does not contain element 'xpath://div[contains(text(),'ôasldfjkhgnblyksjdfghb')]'.</msg>
<status status="PASS" starttime="20220718 12:32:24.612" endtime="20220718 12:32:24.623"/>
</kw>
<kw name="Capture Page Screenshot" library="SeleniumLibrary">
<doc>Takes a screenshot of the current page and embeds it into a log file.</doc>
<msg timestamp="20220718 12:32:25.482" level="INFO" html="true">&lt;/td&gt;&lt;/tr&gt;&lt;tr&gt;&lt;td colspan="3"&gt;&lt;a href="selenium-screenshot-5.png"&gt;&lt;img src="selenium-screenshot-5.png" width="800px"&gt;&lt;/a&gt;</msg>
<status status="PASS" starttime="20220718 12:32:24.623" endtime="20220718 12:32:25.482"/>
</kw>
<kw name="Close Browser" library="SeleniumLibrary">
<doc>Closes the current browser.</doc>
<status status="PASS" starttime="20220718 12:32:25.484" endtime="20220718 12:32:27.704"/>
</kw>
<status status="PASS" starttime="20220718 12:32:17.319" endtime="20220718 12:32:27.706"/>
</test>
<status status="PASS" starttime="20220718 12:31:31.328" endtime="20220718 12:32:27.713"/>
</suite>
<statistics>
<total>
<stat pass="5" fail="0" skip="0">All Tests</stat>
</total>
<tag>
</tag>
<suite>
<stat pass="5" fail="0" skip="0" id="s1" name="TS 007">TS 007</stat>
</suite>
</statistics>
<errors>
</errors>
</robot>
