<?xml version="1.0" encoding="UTF-8"?>
<robot generator="Robot 5.0.1 (Python 3.8.1 on win32)" generated="20220718 12:33:43.476" rpa="false" schemaversion="3">
<suite id="s1" name="TS 009" source="C:\Users\marek\OneDrive\Počítač\MarekMitrik_www-aboutyou-sk_24-4-2022\Automatic Tests\TS_009\TS_009.robot">
<test id="s1-t1" name="TC_001" line="36">
<kw name="Otevri browser a stranku a zkontroluj">
<kw name="Open Browser" library="SeleniumLibrary">
<arg>${URL}</arg>
<arg>Chrome</arg>
<doc>Opens a new browser instance to the optional ``url``.</doc>
<msg timestamp="20220718 12:33:43.758" level="INFO">Opening browser 'Chrome' to base url 'https://www.aboutyou.sk/tvoj-obchod'.</msg>
<status status="PASS" starttime="20220718 12:33:43.757" endtime="20220718 12:33:49.463"/>
</kw>
<kw name="Maximize Browser Window" library="SeleniumLibrary">
<doc>Maximizes current browser window.</doc>
<status status="PASS" starttime="20220718 12:33:49.463" endtime="20220718 12:33:49.592"/>
</kw>
<kw name="Location Should Be" library="SeleniumLibrary">
<arg>${URL}</arg>
<doc>Verifies that the current URL is exactly ``url``.</doc>
<msg timestamp="20220718 12:33:49.597" level="INFO">Current location is 'https://www.aboutyou.sk/tvoj-obchod'.</msg>
<status status="PASS" starttime="20220718 12:33:49.592" endtime="20220718 12:33:49.597"/>
</kw>
<kw name="Wait Until Element Is Visible" library="SeleniumLibrary">
<arg>//button[@id='onetrust-accept-btn-handler']</arg>
<doc>Waits until the element ``locator`` is visible.</doc>
<status status="PASS" starttime="20220718 12:33:49.597" endtime="20220718 12:33:49.643"/>
</kw>
<kw name="Click Element" library="SeleniumLibrary">
<arg>//button[@id='onetrust-accept-btn-handler']</arg>
<doc>Click the element identified by ``locator``.</doc>
<msg timestamp="20220718 12:33:49.644" level="INFO">Clicking element '//button[@id='onetrust-accept-btn-handler']'.</msg>
<status status="PASS" starttime="20220718 12:33:49.643" endtime="20220718 12:33:49.814"/>
</kw>
<status status="PASS" starttime="20220718 12:33:43.757" endtime="20220718 12:33:49.815"/>
</kw>
<kw name="Click Element" library="SeleniumLibrary">
<arg>xpath=//span[contains(text(),'Oblečenie')]</arg>
<doc>Click the element identified by ``locator``.</doc>
<msg timestamp="20220718 12:33:49.816" level="INFO">Clicking element 'xpath=//span[contains(text(),'Oblečenie')]'.</msg>
<status status="PASS" starttime="20220718 12:33:49.815" endtime="20220718 12:33:50.099"/>
</kw>
<kw name="Wait Until Location Is" library="SeleniumLibrary">
<arg>https://www.aboutyou.sk/c/zeny/oblecenie-20204</arg>
<doc>Waits until the current URL is ``expected``.</doc>
<status status="PASS" starttime="20220718 12:33:50.099" endtime="20220718 12:33:50.175"/>
</kw>
<kw name="Capture Page Screenshot" library="SeleniumLibrary">
<doc>Takes a screenshot of the current page and embeds it into a log file.</doc>
<msg timestamp="20220718 12:33:50.340" level="INFO" html="true">&lt;/td&gt;&lt;/tr&gt;&lt;tr&gt;&lt;td colspan="3"&gt;&lt;a href="selenium-screenshot-1.png"&gt;&lt;img src="selenium-screenshot-1.png" width="800px"&gt;&lt;/a&gt;</msg>
<status status="PASS" starttime="20220718 12:33:50.177" endtime="20220718 12:33:50.340"/>
</kw>
<kw name="Close Browser" library="SeleniumLibrary">
<doc>Closes the current browser.</doc>
<status status="PASS" starttime="20220718 12:33:50.341" endtime="20220718 12:33:52.471"/>
</kw>
<status status="PASS" starttime="20220718 12:33:43.756" endtime="20220718 12:33:52.473"/>
</test>
<test id="s1-t2" name="TC_002" line="43">
<kw name="Otevri browser a stranku a zkontroluj">
<kw name="Open Browser" library="SeleniumLibrary">
<arg>${URL}</arg>
<arg>Chrome</arg>
<doc>Opens a new browser instance to the optional ``url``.</doc>
<msg timestamp="20220718 12:33:52.484" level="INFO">Opening browser 'Chrome' to base url 'https://www.aboutyou.sk/tvoj-obchod'.</msg>
<status status="PASS" starttime="20220718 12:33:52.482" endtime="20220718 12:33:58.896"/>
</kw>
<kw name="Maximize Browser Window" library="SeleniumLibrary">
<doc>Maximizes current browser window.</doc>
<status status="PASS" starttime="20220718 12:33:58.896" endtime="20220718 12:33:59.035"/>
</kw>
<kw name="Location Should Be" library="SeleniumLibrary">
<arg>${URL}</arg>
<doc>Verifies that the current URL is exactly ``url``.</doc>
<msg timestamp="20220718 12:33:59.046" level="INFO">Current location is 'https://www.aboutyou.sk/tvoj-obchod'.</msg>
<status status="PASS" starttime="20220718 12:33:59.035" endtime="20220718 12:33:59.046"/>
</kw>
<kw name="Wait Until Element Is Visible" library="SeleniumLibrary">
<arg>//button[@id='onetrust-accept-btn-handler']</arg>
<doc>Waits until the element ``locator`` is visible.</doc>
<status status="PASS" starttime="20220718 12:33:59.046" endtime="20220718 12:33:59.071"/>
</kw>
<kw name="Click Element" library="SeleniumLibrary">
<arg>//button[@id='onetrust-accept-btn-handler']</arg>
<doc>Click the element identified by ``locator``.</doc>
<msg timestamp="20220718 12:33:59.071" level="INFO">Clicking element '//button[@id='onetrust-accept-btn-handler']'.</msg>
<status status="PASS" starttime="20220718 12:33:59.071" endtime="20220718 12:33:59.241"/>
</kw>
<status status="PASS" starttime="20220718 12:33:52.481" endtime="20220718 12:33:59.241"/>
</kw>
<kw name="Click Element" library="SeleniumLibrary">
<arg>xpath=//span[contains(text(),'Muži')]</arg>
<doc>Click the element identified by ``locator``.</doc>
<msg timestamp="20220718 12:33:59.242" level="INFO">Clicking element 'xpath=//span[contains(text(),'Muži')]'.</msg>
<status status="PASS" starttime="20220718 12:33:59.242" endtime="20220718 12:33:59.486"/>
</kw>
<kw name="Wait Until Location Is" library="SeleniumLibrary">
<arg>https://www.aboutyou.sk/?gender=male</arg>
<doc>Waits until the current URL is ``expected``.</doc>
<status status="PASS" starttime="20220718 12:33:59.486" endtime="20220718 12:33:59.570"/>
</kw>
<kw name="Mouse Over" library="SeleniumLibrary">
<arg>xpath=//span[contains(text(),'Oblečenie')]</arg>
<doc>Simulates hovering the mouse over the element ``locator``.</doc>
<msg timestamp="20220718 12:33:59.571" level="INFO">Simulating Mouse Over on element 'xpath=//span[contains(text(),'Oblečenie')]'.</msg>
<status status="PASS" starttime="20220718 12:33:59.570" endtime="20220718 12:33:59.907"/>
</kw>
<kw name="Wait Until Element Is Visible" library="SeleniumLibrary">
<arg>xpath=//header/div[1]/div[2]/ul[1]/li[2]/div[1]/div[1]/div[1]/div[2]/ul[1]/li[3]/span[1]/a[1]</arg>
<doc>Waits until the element ``locator`` is visible.</doc>
<status status="PASS" starttime="20220718 12:33:59.909" endtime="20220718 12:34:01.002"/>
</kw>
<kw name="Click Element" library="SeleniumLibrary">
<arg>xpath=//header/div[1]/div[2]/ul[1]/li[2]/div[1]/div[1]/div[1]/div[2]/ul[1]/li[3]/span[1]/a[1]</arg>
<doc>Click the element identified by ``locator``.</doc>
<msg timestamp="20220718 12:34:01.005" level="INFO">Clicking element 'xpath=//header/div[1]/div[2]/ul[1]/li[2]/div[1]/div[1]/div[1]/div[2]/ul[1]/li[3]/span[1]/a[1]'.</msg>
<status status="PASS" starttime="20220718 12:34:01.005" endtime="20220718 12:34:01.573"/>
</kw>
<kw name="Wait Until Location Is" library="SeleniumLibrary">
<arg>https://www.aboutyou.sk/c/muzi/oblecenie/tricka-20324</arg>
<doc>Waits until the current URL is ``expected``.</doc>
<status status="PASS" starttime="20220718 12:34:01.576" endtime="20220718 12:34:01.586"/>
</kw>
<kw name="Capture Page Screenshot" library="SeleniumLibrary">
<doc>Takes a screenshot of the current page and embeds it into a log file.</doc>
<msg timestamp="20220718 12:34:01.946" level="INFO" html="true">&lt;/td&gt;&lt;/tr&gt;&lt;tr&gt;&lt;td colspan="3"&gt;&lt;a href="selenium-screenshot-2.png"&gt;&lt;img src="selenium-screenshot-2.png" width="800px"&gt;&lt;/a&gt;</msg>
<status status="PASS" starttime="20220718 12:34:01.586" endtime="20220718 12:34:01.946"/>
</kw>
<kw name="Close Browser" library="SeleniumLibrary">
<doc>Closes the current browser.</doc>
<status status="PASS" starttime="20220718 12:34:01.958" endtime="20220718 12:34:04.189"/>
</kw>
<status status="PASS" starttime="20220718 12:33:52.479" endtime="20220718 12:34:04.190"/>
</test>
<test id="s1-t3" name="TC_003" line="54">
<kw name="Otevri browser a stranku a zkontroluj">
<kw name="Open Browser" library="SeleniumLibrary">
<arg>${URL}</arg>
<arg>Chrome</arg>
<doc>Opens a new browser instance to the optional ``url``.</doc>
<msg timestamp="20220718 12:34:04.194" level="INFO">Opening browser 'Chrome' to base url 'https://www.aboutyou.sk/tvoj-obchod'.</msg>
<status status="PASS" starttime="20220718 12:34:04.194" endtime="20220718 12:34:10.871"/>
</kw>
<kw name="Maximize Browser Window" library="SeleniumLibrary">
<doc>Maximizes current browser window.</doc>
<status status="PASS" starttime="20220718 12:34:10.871" endtime="20220718 12:34:11.010"/>
</kw>
<kw name="Location Should Be" library="SeleniumLibrary">
<arg>${URL}</arg>
<doc>Verifies that the current URL is exactly ``url``.</doc>
<msg timestamp="20220718 12:34:11.016" level="INFO">Current location is 'https://www.aboutyou.sk/tvoj-obchod'.</msg>
<status status="PASS" starttime="20220718 12:34:11.010" endtime="20220718 12:34:11.016"/>
</kw>
<kw name="Wait Until Element Is Visible" library="SeleniumLibrary">
<arg>//button[@id='onetrust-accept-btn-handler']</arg>
<doc>Waits until the element ``locator`` is visible.</doc>
<status status="PASS" starttime="20220718 12:34:11.017" endtime="20220718 12:34:11.084"/>
</kw>
<kw name="Click Element" library="SeleniumLibrary">
<arg>//button[@id='onetrust-accept-btn-handler']</arg>
<doc>Click the element identified by ``locator``.</doc>
<msg timestamp="20220718 12:34:11.085" level="INFO">Clicking element '//button[@id='onetrust-accept-btn-handler']'.</msg>
<status status="PASS" starttime="20220718 12:34:11.085" endtime="20220718 12:34:11.262"/>
</kw>
<status status="PASS" starttime="20220718 12:34:04.193" endtime="20220718 12:34:11.262"/>
</kw>
<kw name="Click Element" library="SeleniumLibrary">
<arg>xpath=//span[contains(text(),'Muži')]</arg>
<doc>Click the element identified by ``locator``.</doc>
<msg timestamp="20220718 12:34:11.264" level="INFO">Clicking element 'xpath=//span[contains(text(),'Muži')]'.</msg>
<status status="PASS" starttime="20220718 12:34:11.263" endtime="20220718 12:34:11.482"/>
</kw>
<kw name="Wait Until Location Is" library="SeleniumLibrary">
<arg>https://www.aboutyou.sk/?gender=male</arg>
<doc>Waits until the current URL is ``expected``.</doc>
<status status="PASS" starttime="20220718 12:34:11.483" endtime="20220718 12:34:11.563"/>
</kw>
<kw name="Mouse Over" library="SeleniumLibrary">
<arg>xpath=//span[contains(text(),'Oblečenie')]</arg>
<doc>Simulates hovering the mouse over the element ``locator``.</doc>
<msg timestamp="20220718 12:34:11.564" level="INFO">Simulating Mouse Over on element 'xpath=//span[contains(text(),'Oblečenie')]'.</msg>
<status status="PASS" starttime="20220718 12:34:11.563" endtime="20220718 12:34:11.873"/>
</kw>
<kw name="Wait Until Element Is Visible" library="SeleniumLibrary">
<arg>xpath=//header/div[1]/div[2]/ul[1]/li[2]/div[1]/div[1]/div[3]/a[2]/img[1]</arg>
<doc>Waits until the element ``locator`` is visible.</doc>
<status status="PASS" starttime="20220718 12:34:11.874" endtime="20220718 12:34:13.306"/>
</kw>
<kw name="Click Element" library="SeleniumLibrary">
<arg>xpath=//header/div[1]/div[2]/ul[1]/li[2]/div[1]/div[1]/div[3]/a[2]/img[1]</arg>
<doc>Click the element identified by ``locator``.</doc>
<msg timestamp="20220718 12:34:13.307" level="INFO">Clicking element 'xpath=//header/div[1]/div[2]/ul[1]/li[2]/div[1]/div[1]/div[3]/a[2]/img[1]'.</msg>
<status status="PASS" starttime="20220718 12:34:13.307" endtime="20220718 12:34:13.606"/>
</kw>
<kw name="Wait Until Location Is" library="SeleniumLibrary">
<arg>https://www.aboutyou.sk/about/brand/tommy-hilfiger?category=20290&amp;cluster=true</arg>
<doc>Waits until the current URL is ``expected``.</doc>
<status status="PASS" starttime="20220718 12:34:13.607" endtime="20220718 12:34:13.654"/>
</kw>
<kw name="Capture Page Screenshot" library="SeleniumLibrary">
<doc>Takes a screenshot of the current page and embeds it into a log file.</doc>
<msg timestamp="20220718 12:34:14.292" level="INFO" html="true">&lt;/td&gt;&lt;/tr&gt;&lt;tr&gt;&lt;td colspan="3"&gt;&lt;a href="selenium-screenshot-3.png"&gt;&lt;img src="selenium-screenshot-3.png" width="800px"&gt;&lt;/a&gt;</msg>
<status status="PASS" starttime="20220718 12:34:13.659" endtime="20220718 12:34:14.293"/>
</kw>
<kw name="Close Browser" library="SeleniumLibrary">
<doc>Closes the current browser.</doc>
<status status="PASS" starttime="20220718 12:34:14.296" endtime="20220718 12:34:16.494"/>
</kw>
<status status="PASS" starttime="20220718 12:34:04.192" endtime="20220718 12:34:16.497"/>
</test>
<test id="s1-t4" name="TC_004" line="65">
<kw name="Otevri browser a stranku a zkontroluj">
<kw name="Open Browser" library="SeleniumLibrary">
<arg>${URL}</arg>
<arg>Chrome</arg>
<doc>Opens a new browser instance to the optional ``url``.</doc>
<msg timestamp="20220718 12:34:16.506" level="INFO">Opening browser 'Chrome' to base url 'https://www.aboutyou.sk/tvoj-obchod'.</msg>
<status status="PASS" starttime="20220718 12:34:16.505" endtime="20220718 12:34:22.300"/>
</kw>
<kw name="Maximize Browser Window" library="SeleniumLibrary">
<doc>Maximizes current browser window.</doc>
<status status="PASS" starttime="20220718 12:34:22.300" endtime="20220718 12:34:22.427"/>
</kw>
<kw name="Location Should Be" library="SeleniumLibrary">
<arg>${URL}</arg>
<doc>Verifies that the current URL is exactly ``url``.</doc>
<msg timestamp="20220718 12:34:22.433" level="INFO">Current location is 'https://www.aboutyou.sk/tvoj-obchod'.</msg>
<status status="PASS" starttime="20220718 12:34:22.427" endtime="20220718 12:34:22.433"/>
</kw>
<kw name="Wait Until Element Is Visible" library="SeleniumLibrary">
<arg>//button[@id='onetrust-accept-btn-handler']</arg>
<doc>Waits until the element ``locator`` is visible.</doc>
<status status="PASS" starttime="20220718 12:34:22.433" endtime="20220718 12:34:22.471"/>
</kw>
<kw name="Click Element" library="SeleniumLibrary">
<arg>//button[@id='onetrust-accept-btn-handler']</arg>
<doc>Click the element identified by ``locator``.</doc>
<msg timestamp="20220718 12:34:22.472" level="INFO">Clicking element '//button[@id='onetrust-accept-btn-handler']'.</msg>
<status status="PASS" starttime="20220718 12:34:22.471" endtime="20220718 12:34:22.638"/>
</kw>
<status status="PASS" starttime="20220718 12:34:16.504" endtime="20220718 12:34:22.638"/>
</kw>
<kw name="Click Element" library="SeleniumLibrary">
<arg>xpath=//span[contains(text(),'Muži')]</arg>
<doc>Click the element identified by ``locator``.</doc>
<msg timestamp="20220718 12:34:22.639" level="INFO">Clicking element 'xpath=//span[contains(text(),'Muži')]'.</msg>
<status status="PASS" starttime="20220718 12:34:22.639" endtime="20220718 12:34:22.878"/>
</kw>
<kw name="Wait Until Location Is" library="SeleniumLibrary">
<arg>https://www.aboutyou.sk/?gender=male</arg>
<doc>Waits until the current URL is ``expected``.</doc>
<status status="PASS" starttime="20220718 12:34:22.880" endtime="20220718 12:34:22.950"/>
</kw>
<kw name="Sleep" library="BuiltIn">
<arg>1s</arg>
<doc>Pauses the test executed for the given time.</doc>
<msg timestamp="20220718 12:34:23.959" level="INFO">Slept 1 second</msg>
<status status="PASS" starttime="20220718 12:34:22.951" endtime="20220718 12:34:23.959"/>
</kw>
<kw name="Click Element" library="SeleniumLibrary">
<arg>xpath=//header/div[1]/div[2]/ul[1]/li[2]/a[1]/span[1]</arg>
<doc>Click the element identified by ``locator``.</doc>
<msg timestamp="20220718 12:34:23.962" level="INFO">Clicking element 'xpath=//header/div[1]/div[2]/ul[1]/li[2]/a[1]/span[1]'.</msg>
<status status="PASS" starttime="20220718 12:34:23.961" endtime="20220718 12:34:24.951"/>
</kw>
<kw name="Wait Until Element Is Visible" library="SeleniumLibrary">
<arg>xpath=//span[contains(text(),'Tričká')]</arg>
<doc>Waits until the element ``locator`` is visible.</doc>
<status status="PASS" starttime="20220718 12:34:24.952" endtime="20220718 12:34:25.961"/>
</kw>
<kw name="Click Element" library="SeleniumLibrary">
<arg>xpath=//span[contains(text(),'Tričká')]</arg>
<doc>Click the element identified by ``locator``.</doc>
<msg timestamp="20220718 12:34:25.963" level="INFO">Clicking element 'xpath=//span[contains(text(),'Tričká')]'.</msg>
<status status="PASS" starttime="20220718 12:34:25.962" endtime="20220718 12:34:26.388"/>
</kw>
<kw name="Wait Until Element Is Visible" library="SeleniumLibrary">
<arg>xpath=//span[contains(text(),'Tričká s dlhým rukávom')]</arg>
<doc>Waits until the element ``locator`` is visible.</doc>
<status status="PASS" starttime="20220718 12:34:26.389" endtime="20220718 12:34:27.160"/>
</kw>
<kw name="Click Element" library="SeleniumLibrary">
<arg>xpath=//span[contains(text(),'Tričká s dlhým rukávom')]</arg>
<doc>Click the element identified by ``locator``.</doc>
<msg timestamp="20220718 12:34:27.161" level="INFO">Clicking element 'xpath=//span[contains(text(),'Tričká s dlhým rukávom')]'.</msg>
<status status="PASS" starttime="20220718 12:34:27.161" endtime="20220718 12:34:27.611"/>
</kw>
<kw name="Location Should Be" library="SeleniumLibrary">
<arg>https://www.aboutyou.sk/c/muzi/oblecenie/tricka/tricka-s-dlhym-rukavom-20955</arg>
<doc>Verifies that the current URL is exactly ``url``.</doc>
<msg timestamp="20220718 12:34:27.669" level="INFO">Current location is 'https://www.aboutyou.sk/c/muzi/oblecenie/tricka/tricka-s-dlhym-rukavom-20955'.</msg>
<status status="PASS" starttime="20220718 12:34:27.612" endtime="20220718 12:34:27.669"/>
</kw>
<kw name="Capture Page Screenshot" library="SeleniumLibrary">
<doc>Takes a screenshot of the current page and embeds it into a log file.</doc>
<msg timestamp="20220718 12:34:28.122" level="INFO" html="true">&lt;/td&gt;&lt;/tr&gt;&lt;tr&gt;&lt;td colspan="3"&gt;&lt;a href="selenium-screenshot-4.png"&gt;&lt;img src="selenium-screenshot-4.png" width="800px"&gt;&lt;/a&gt;</msg>
<status status="PASS" starttime="20220718 12:34:27.670" endtime="20220718 12:34:28.122"/>
</kw>
<kw name="Close Browser" library="SeleniumLibrary">
<doc>Closes the current browser.</doc>
<status status="PASS" starttime="20220718 12:34:28.125" endtime="20220718 12:34:31.373"/>
</kw>
<status status="PASS" starttime="20220718 12:34:16.501" endtime="20220718 12:34:31.374"/>
</test>
<status status="PASS" starttime="20220718 12:33:43.479" endtime="20220718 12:34:31.376"/>
</suite>
<statistics>
<total>
<stat pass="4" fail="0" skip="0">All Tests</stat>
</total>
<tag>
</tag>
<suite>
<stat pass="4" fail="0" skip="0" id="s1" name="TS 009">TS 009</stat>
</suite>
</statistics>
<errors>
</errors>
</robot>
