<?xml version="1.0" encoding="UTF-8"?>
<robot generator="Robot 5.0.1 (Python 3.8.1 on win32)" generated="20220718 12:28:17.049" rpa="false" schemaversion="3">
<suite id="s1" name="TS 003" source="C:\Users\marek\OneDrive\Počítač\MarekMitrik_www-aboutyou-sk_24-4-2022\Automatic Tests\TS_003\TS_003.robot">
<test id="s1-t1" name="TC_001" line="32">
<kw name="Otevri browser a stranku a zkontroluj">
<arg>https://www.aboutyou.sk/p/jack-jones/boxerky-oliver-4373414</arg>
<kw name="Open Browser" library="SeleniumLibrary">
<arg>${URL}</arg>
<arg>Chrome</arg>
<doc>Opens a new browser instance to the optional ``url``.</doc>
<msg timestamp="20220718 12:28:17.413" level="INFO">Opening browser 'Chrome' to base url 'https://www.aboutyou.sk/p/jack-jones/boxerky-oliver-4373414'.</msg>
<status status="PASS" starttime="20220718 12:28:17.412" endtime="20220718 12:28:22.403"/>
</kw>
<kw name="Maximize Browser Window" library="SeleniumLibrary">
<doc>Maximizes current browser window.</doc>
<status status="PASS" starttime="20220718 12:28:22.403" endtime="20220718 12:28:22.557"/>
</kw>
<kw name="Location Should Be" library="SeleniumLibrary">
<arg>${URL}</arg>
<doc>Verifies that the current URL is exactly ``url``.</doc>
<msg timestamp="20220718 12:28:22.562" level="INFO">Current location is 'https://www.aboutyou.sk/p/jack-jones/boxerky-oliver-4373414'.</msg>
<status status="PASS" starttime="20220718 12:28:22.558" endtime="20220718 12:28:22.562"/>
</kw>
<kw name="Wait Until Element Is Visible" library="SeleniumLibrary">
<arg>//button[@id='onetrust-accept-btn-handler']</arg>
<doc>Waits until the element ``locator`` is visible.</doc>
<status status="PASS" starttime="20220718 12:28:22.562" endtime="20220718 12:28:22.654"/>
</kw>
<kw name="Click Element" library="SeleniumLibrary">
<arg>//button[@id='onetrust-accept-btn-handler']</arg>
<doc>Click the element identified by ``locator``.</doc>
<msg timestamp="20220718 12:28:22.654" level="INFO">Clicking element '//button[@id='onetrust-accept-btn-handler']'.</msg>
<status status="PASS" starttime="20220718 12:28:22.654" endtime="20220718 12:28:22.998"/>
</kw>
<status status="PASS" starttime="20220718 12:28:17.412" endtime="20220718 12:28:22.998"/>
</kw>
<kw name="Wait Until Element Is Visible" library="SeleniumLibrary">
<arg>//span[@class='sc-t6bp6s-3 figUyy']</arg>
<doc>Waits until the element ``locator`` is visible.</doc>
<status status="PASS" starttime="20220718 12:28:22.999" endtime="20220718 12:28:23.088"/>
</kw>
<kw name="Click Element" library="SeleniumLibrary">
<arg>//span[@class='sc-t6bp6s-3 figUyy']</arg>
<doc>Click the element identified by ``locator``.</doc>
<msg timestamp="20220718 12:28:23.089" level="INFO">Clicking element '//span[@class='sc-t6bp6s-3 figUyy']'.</msg>
<status status="PASS" starttime="20220718 12:28:23.089" endtime="20220718 12:28:23.307"/>
</kw>
<kw name="Wait Until Element Is Visible" library="SeleniumLibrary">
<arg>//button[@class='button bigArrow left']</arg>
<doc>Waits until the element ``locator`` is visible.</doc>
<status status="PASS" starttime="20220718 12:28:23.308" endtime="20220718 12:28:24.277"/>
</kw>
<kw name="Element Should Be Visible" library="SeleniumLibrary">
<arg>//button[@class='button bigArrow left']</arg>
<doc>Verifies that the element identified by ``locator`` is visible.</doc>
<msg timestamp="20220718 12:28:25.433" level="INFO">Element '//button[@class='button bigArrow left']' is displayed.</msg>
<status status="PASS" starttime="20220718 12:28:24.278" endtime="20220718 12:28:25.433"/>
</kw>
<kw name="Close Browser" library="SeleniumLibrary">
<doc>Closes the current browser.</doc>
<status status="PASS" starttime="20220718 12:28:25.434" endtime="20220718 12:28:27.601"/>
</kw>
<status status="PASS" starttime="20220718 12:28:17.411" endtime="20220718 12:28:27.603"/>
</test>
<test id="s1-t2" name="TC_002" line="40">
<kw name="Otevri browser a stranku a zkontroluj">
<arg>${URL}</arg>
<kw name="Open Browser" library="SeleniumLibrary">
<arg>${URL}</arg>
<arg>Chrome</arg>
<doc>Opens a new browser instance to the optional ``url``.</doc>
<msg timestamp="20220718 12:28:27.614" level="INFO">Opening browser 'Chrome' to base url 'https://www.aboutyou.sk/tvoj-obchod'.</msg>
<status status="PASS" starttime="20220718 12:28:27.612" endtime="20220718 12:28:33.187"/>
</kw>
<kw name="Maximize Browser Window" library="SeleniumLibrary">
<doc>Maximizes current browser window.</doc>
<status status="PASS" starttime="20220718 12:28:33.187" endtime="20220718 12:28:33.314"/>
</kw>
<kw name="Location Should Be" library="SeleniumLibrary">
<arg>${URL}</arg>
<doc>Verifies that the current URL is exactly ``url``.</doc>
<msg timestamp="20220718 12:28:33.319" level="INFO">Current location is 'https://www.aboutyou.sk/tvoj-obchod'.</msg>
<status status="PASS" starttime="20220718 12:28:33.314" endtime="20220718 12:28:33.319"/>
</kw>
<kw name="Wait Until Element Is Visible" library="SeleniumLibrary">
<arg>//button[@id='onetrust-accept-btn-handler']</arg>
<doc>Waits until the element ``locator`` is visible.</doc>
<status status="PASS" starttime="20220718 12:28:33.320" endtime="20220718 12:28:33.346"/>
</kw>
<kw name="Click Element" library="SeleniumLibrary">
<arg>//button[@id='onetrust-accept-btn-handler']</arg>
<doc>Click the element identified by ``locator``.</doc>
<msg timestamp="20220718 12:28:33.347" level="INFO">Clicking element '//button[@id='onetrust-accept-btn-handler']'.</msg>
<status status="PASS" starttime="20220718 12:28:33.346" endtime="20220718 12:28:33.508"/>
</kw>
<status status="PASS" starttime="20220718 12:28:27.611" endtime="20220718 12:28:33.508"/>
</kw>
<kw name="Wait Until Element Is Visible" library="SeleniumLibrary">
<arg>//span[@data-test-id='Label_Šport']</arg>
<doc>Waits until the element ``locator`` is visible.</doc>
<status status="PASS" starttime="20220718 12:28:33.509" endtime="20220718 12:28:33.549"/>
</kw>
<kw name="Mouse Over" library="SeleniumLibrary">
<arg>//span[@data-test-id='Label_Šport']</arg>
<doc>Simulates hovering the mouse over the element ``locator``.</doc>
<msg timestamp="20220718 12:28:33.550" level="INFO">Simulating Mouse Over on element '//span[@data-test-id='Label_Šport']'.</msg>
<status status="PASS" starttime="20220718 12:28:33.549" endtime="20220718 12:28:33.829"/>
</kw>
<kw name="Element Should Be Visible" library="SeleniumLibrary">
<arg>//a[contains(text(),'Športové nohavice')]</arg>
<doc>Verifies that the element identified by ``locator`` is visible.</doc>
<msg timestamp="20220718 12:28:33.852" level="INFO">Element '//a[contains(text(),'Športové nohavice')]' is displayed.</msg>
<status status="PASS" starttime="20220718 12:28:33.830" endtime="20220718 12:28:33.852"/>
</kw>
<kw name="Close Browser" library="SeleniumLibrary">
<doc>Closes the current browser.</doc>
<status status="PASS" starttime="20220718 12:28:33.853" endtime="20220718 12:28:36.061"/>
</kw>
<status status="PASS" starttime="20220718 12:28:27.608" endtime="20220718 12:28:36.062"/>
</test>
<test id="s1-t3" name="TC_004" line="47">
<kw name="Otevri browser a stranku a zkontroluj">
<arg>${URL}</arg>
<kw name="Open Browser" library="SeleniumLibrary">
<arg>${URL}</arg>
<arg>Chrome</arg>
<doc>Opens a new browser instance to the optional ``url``.</doc>
<msg timestamp="20220718 12:28:36.070" level="INFO">Opening browser 'Chrome' to base url 'https://www.aboutyou.sk/tvoj-obchod'.</msg>
<status status="PASS" starttime="20220718 12:28:36.069" endtime="20220718 12:28:41.012"/>
</kw>
<kw name="Maximize Browser Window" library="SeleniumLibrary">
<doc>Maximizes current browser window.</doc>
<status status="PASS" starttime="20220718 12:28:41.012" endtime="20220718 12:28:41.151"/>
</kw>
<kw name="Location Should Be" library="SeleniumLibrary">
<arg>${URL}</arg>
<doc>Verifies that the current URL is exactly ``url``.</doc>
<msg timestamp="20220718 12:28:41.160" level="INFO">Current location is 'https://www.aboutyou.sk/tvoj-obchod'.</msg>
<status status="PASS" starttime="20220718 12:28:41.151" endtime="20220718 12:28:41.160"/>
</kw>
<kw name="Wait Until Element Is Visible" library="SeleniumLibrary">
<arg>//button[@id='onetrust-accept-btn-handler']</arg>
<doc>Waits until the element ``locator`` is visible.</doc>
<status status="PASS" starttime="20220718 12:28:41.160" endtime="20220718 12:28:41.183"/>
</kw>
<kw name="Click Element" library="SeleniumLibrary">
<arg>//button[@id='onetrust-accept-btn-handler']</arg>
<doc>Click the element identified by ``locator``.</doc>
<msg timestamp="20220718 12:28:41.184" level="INFO">Clicking element '//button[@id='onetrust-accept-btn-handler']'.</msg>
<status status="PASS" starttime="20220718 12:28:41.183" endtime="20220718 12:28:41.350"/>
</kw>
<status status="PASS" starttime="20220718 12:28:36.068" endtime="20220718 12:28:41.350"/>
</kw>
<kw name="Wait Until Element Is Visible" library="SeleniumLibrary">
<arg>//div[@class='sc-1vmwe9m-2 ioSYPe']</arg>
<doc>Waits until the element ``locator`` is visible.</doc>
<status status="PASS" starttime="20220718 12:28:41.351" endtime="20220718 12:28:41.411"/>
</kw>
<kw name="Click Element" library="SeleniumLibrary">
<arg>//div[@class='sc-1vmwe9m-2 ioSYPe']</arg>
<doc>Click the element identified by ``locator``.</doc>
<msg timestamp="20220718 12:28:41.412" level="INFO">Clicking element '//div[@class='sc-1vmwe9m-2 ioSYPe']'.</msg>
<status status="PASS" starttime="20220718 12:28:41.412" endtime="20220718 12:28:41.502"/>
</kw>
<kw name="Wait Until Element Is Visible" library="SeleniumLibrary">
<arg>//div[@class='sc-1ye2c1d-0 yQqzq']</arg>
<doc>Waits until the element ``locator`` is visible.</doc>
<status status="PASS" starttime="20220718 12:28:41.503" endtime="20220718 12:28:41.967"/>
</kw>
<kw name="Click Element" library="SeleniumLibrary">
<arg>//div[@class='sc-1ye2c1d-0 yQqzq']</arg>
<doc>Click the element identified by ``locator``.</doc>
<msg timestamp="20220718 12:28:41.968" level="INFO">Clicking element '//div[@class='sc-1ye2c1d-0 yQqzq']'.</msg>
<status status="PASS" starttime="20220718 12:28:41.968" endtime="20220718 12:28:42.069"/>
</kw>
<kw name="Wait Until Element Is Visible" library="SeleniumLibrary">
<arg>//span[normalize-space()='Belgicko']</arg>
<doc>Waits until the element ``locator`` is visible.</doc>
<status status="PASS" starttime="20220718 12:28:42.072" endtime="20220718 12:28:42.100"/>
</kw>
<kw name="Click Element" library="SeleniumLibrary">
<arg>//span[normalize-space()='Belgicko']</arg>
<doc>Click the element identified by ``locator``.</doc>
<msg timestamp="20220718 12:28:42.100" level="INFO">Clicking element '//span[normalize-space()='Belgicko']'.</msg>
<status status="PASS" starttime="20220718 12:28:42.100" endtime="20220718 12:28:46.644"/>
</kw>
<kw name="Wait Until Element Is Visible" library="SeleniumLibrary">
<arg>//span[@class='sc-2qclq4-0 sc-1fiarj7-5 dUuUMX ioxNdx']</arg>
<doc>Waits until the element ``locator`` is visible.</doc>
<status status="PASS" starttime="20220718 12:28:46.644" endtime="20220718 12:28:46.670"/>
</kw>
<kw name="Element Should Be Visible" library="SeleniumLibrary">
<arg>//span[@class='sc-2qclq4-0 sc-1fiarj7-5 dUuUMX ioxNdx']</arg>
<doc>Verifies that the element identified by ``locator`` is visible.</doc>
<msg timestamp="20220718 12:28:46.689" level="INFO">Element '//span[@class='sc-2qclq4-0 sc-1fiarj7-5 dUuUMX ioxNdx']' is displayed.</msg>
<status status="PASS" starttime="20220718 12:28:46.671" endtime="20220718 12:28:46.689"/>
</kw>
<kw name="Close Browser" library="SeleniumLibrary">
<doc>Closes the current browser.</doc>
<status status="PASS" starttime="20220718 12:28:46.690" endtime="20220718 12:28:49.272"/>
</kw>
<status status="PASS" starttime="20220718 12:28:36.066" endtime="20220718 12:28:49.274"/>
</test>
<test id="s1-t4" name="TC_005" line="60">
<kw name="Otevri browser a stranku a zkontroluj">
<arg>${URL}</arg>
<kw name="Open Browser" library="SeleniumLibrary">
<arg>${URL}</arg>
<arg>Chrome</arg>
<doc>Opens a new browser instance to the optional ``url``.</doc>
<msg timestamp="20220718 12:28:49.284" level="INFO">Opening browser 'Chrome' to base url 'https://www.aboutyou.sk/tvoj-obchod'.</msg>
<status status="PASS" starttime="20220718 12:28:49.283" endtime="20220718 12:28:54.224"/>
</kw>
<kw name="Maximize Browser Window" library="SeleniumLibrary">
<doc>Maximizes current browser window.</doc>
<status status="PASS" starttime="20220718 12:28:54.224" endtime="20220718 12:28:54.347"/>
</kw>
<kw name="Location Should Be" library="SeleniumLibrary">
<arg>${URL}</arg>
<doc>Verifies that the current URL is exactly ``url``.</doc>
<msg timestamp="20220718 12:28:54.352" level="INFO">Current location is 'https://www.aboutyou.sk/tvoj-obchod'.</msg>
<status status="PASS" starttime="20220718 12:28:54.347" endtime="20220718 12:28:54.353"/>
</kw>
<kw name="Wait Until Element Is Visible" library="SeleniumLibrary">
<arg>//button[@id='onetrust-accept-btn-handler']</arg>
<doc>Waits until the element ``locator`` is visible.</doc>
<status status="PASS" starttime="20220718 12:28:54.353" endtime="20220718 12:28:54.390"/>
</kw>
<kw name="Click Element" library="SeleniumLibrary">
<arg>//button[@id='onetrust-accept-btn-handler']</arg>
<doc>Click the element identified by ``locator``.</doc>
<msg timestamp="20220718 12:28:54.391" level="INFO">Clicking element '//button[@id='onetrust-accept-btn-handler']'.</msg>
<status status="PASS" starttime="20220718 12:28:54.391" endtime="20220718 12:28:54.590"/>
</kw>
<status status="PASS" starttime="20220718 12:28:49.281" endtime="20220718 12:28:54.590"/>
</kw>
<kw name="Wait Until Element Is Visible" library="SeleniumLibrary">
<arg>//button[@class='sc-eqdo26-1 nEqzo']//*[name()='svg']</arg>
<doc>Waits until the element ``locator`` is visible.</doc>
<status status="PASS" starttime="20220718 12:28:54.590" endtime="20220718 12:28:54.644"/>
</kw>
<kw name="Click Element" library="SeleniumLibrary">
<arg>//button[@class='sc-eqdo26-1 nEqzo']//*[name()='svg']</arg>
<doc>Click the element identified by ``locator``.</doc>
<msg timestamp="20220718 12:28:54.645" level="INFO">Clicking element '//button[@class='sc-eqdo26-1 nEqzo']//*[name()='svg']'.</msg>
<status status="PASS" starttime="20220718 12:28:54.645" endtime="20220718 12:28:54.766"/>
</kw>
<kw name="Click Element" library="SeleniumLibrary">
<arg>//input[@placeholder='Hľadať podľa značiek, položiek a ďalších kritérií…']</arg>
<doc>Click the element identified by ``locator``.</doc>
<msg timestamp="20220718 12:28:54.767" level="INFO">Clicking element '//input[@placeholder='Hľadať podľa značiek, položiek a ďalších kritérií…']'.</msg>
<status status="PASS" starttime="20220718 12:28:54.767" endtime="20220718 12:28:54.875"/>
</kw>
<kw name="Input Text" library="SeleniumLibrary">
<arg>//input[@placeholder='Hľadať podľa značiek, položiek a ďalších kritérií…']</arg>
<arg>Tričká</arg>
<doc>Types the given ``text`` into the text field identified by ``locator``.</doc>
<msg timestamp="20220718 12:28:54.876" level="INFO">Typing text 'Tričká' into text field '//input[@placeholder='Hľadať podľa značiek, položiek a ďalších kritérií…']'.</msg>
<status status="PASS" starttime="20220718 12:28:54.875" endtime="20220718 12:28:54.996"/>
</kw>
<kw name="Sleep" library="BuiltIn">
<arg>1s</arg>
<doc>Pauses the test executed for the given time.</doc>
<msg timestamp="20220718 12:28:55.999" level="INFO">Slept 1 second</msg>
<status status="PASS" starttime="20220718 12:28:54.997" endtime="20220718 12:28:55.999"/>
</kw>
<kw name="Wait Until Element Is Visible" library="SeleniumLibrary">
<arg>//div[@title='Ženy &gt; Oblečenie &gt; Tričká &amp; topy &gt; Tričká']</arg>
<doc>Waits until the element ``locator`` is visible.</doc>
<status status="PASS" starttime="20220718 12:28:56.001" endtime="20220718 12:28:56.108"/>
</kw>
<kw name="Click Element" library="SeleniumLibrary">
<arg>//div[@title='Ženy &gt; Oblečenie &gt; Tričká &amp; topy &gt; Tričká']</arg>
<doc>Click the element identified by ``locator``.</doc>
<msg timestamp="20220718 12:28:56.109" level="INFO">Clicking element '//div[@title='Ženy &gt; Oblečenie &gt; Tričká &amp; topy &gt; Tričká']'.</msg>
<status status="PASS" starttime="20220718 12:28:56.109" endtime="20220718 12:28:56.329"/>
</kw>
<kw name="Wait Until Element Is Visible" library="SeleniumLibrary">
<arg>//div[@class='sc-12e6agm-1 dexjuG']</arg>
<doc>Waits until the element ``locator`` is visible.</doc>
<status status="PASS" starttime="20220718 12:28:56.333" endtime="20220718 12:28:57.418"/>
</kw>
<kw name="Element Should Be Visible" library="SeleniumLibrary">
<arg>//div[@class='sc-12e6agm-1 dexjuG']</arg>
<doc>Verifies that the element identified by ``locator`` is visible.</doc>
<msg timestamp="20220718 12:28:57.482" level="INFO">Element '//div[@class='sc-12e6agm-1 dexjuG']' is displayed.</msg>
<status status="PASS" starttime="20220718 12:28:57.419" endtime="20220718 12:28:57.482"/>
</kw>
<kw name="Close Browser" library="SeleniumLibrary">
<doc>Closes the current browser.</doc>
<status status="PASS" starttime="20220718 12:28:57.483" endtime="20220718 12:28:59.680"/>
</kw>
<status status="PASS" starttime="20220718 12:28:49.279" endtime="20220718 12:28:59.681"/>
</test>
<status status="PASS" starttime="20220718 12:28:17.052" endtime="20220718 12:28:59.685"/>
</suite>
<statistics>
<total>
<stat pass="4" fail="0" skip="0">All Tests</stat>
</total>
<tag>
</tag>
<suite>
<stat pass="4" fail="0" skip="0" id="s1" name="TS 003">TS 003</stat>
</suite>
</statistics>
<errors>
</errors>
</robot>
