<?xml version="1.0" encoding="UTF-8"?>
<robot generator="Robot 5.0.1 (Python 3.8.1 on win32)" generated="20220718 12:34:58.284" rpa="false" schemaversion="3">
<suite id="s1" name="TS 011" source="C:\Users\marek\OneDrive\Počítač\MarekMitrik_www-aboutyou-sk_24-4-2022\Automatic Tests\TS_011\TS_011.robot">
<test id="s1-t1" name="TC_001" line="36">
<kw name="Otevri browser a stranku a zkontroluj">
<kw name="Open Browser" library="SeleniumLibrary">
<arg>${URL}</arg>
<arg>Chrome</arg>
<doc>Opens a new browser instance to the optional ``url``.</doc>
<msg timestamp="20220718 12:34:58.554" level="INFO">Opening browser 'Chrome' to base url 'https://www.aboutyou.sk/znacka?category=20202#hladat-znacku'.</msg>
<status status="PASS" starttime="20220718 12:34:58.553" endtime="20220718 12:35:05.315"/>
</kw>
<kw name="Maximize Browser Window" library="SeleniumLibrary">
<doc>Maximizes current browser window.</doc>
<status status="PASS" starttime="20220718 12:35:05.315" endtime="20220718 12:35:05.671"/>
</kw>
<kw name="Location Should Be" library="SeleniumLibrary">
<arg>${URL}</arg>
<doc>Verifies that the current URL is exactly ``url``.</doc>
<msg timestamp="20220718 12:35:05.755" level="INFO">Current location is 'https://www.aboutyou.sk/znacka?category=20202#hladat-znacku'.</msg>
<status status="PASS" starttime="20220718 12:35:05.672" endtime="20220718 12:35:05.755"/>
</kw>
<kw name="Wait Until Element Is Visible" library="SeleniumLibrary">
<arg>//button[@id='onetrust-accept-btn-handler']</arg>
<doc>Waits until the element ``locator`` is visible.</doc>
<status status="PASS" starttime="20220718 12:35:05.755" endtime="20220718 12:35:05.850"/>
</kw>
<kw name="Click Element" library="SeleniumLibrary">
<arg>//button[@id='onetrust-accept-btn-handler']</arg>
<doc>Click the element identified by ``locator``.</doc>
<msg timestamp="20220718 12:35:05.850" level="INFO">Clicking element '//button[@id='onetrust-accept-btn-handler']'.</msg>
<status status="PASS" starttime="20220718 12:35:05.850" endtime="20220718 12:35:06.180"/>
</kw>
<status status="PASS" starttime="20220718 12:34:58.553" endtime="20220718 12:35:06.180"/>
</kw>
<kw name="Input Text" library="SeleniumLibrary">
<arg>xpath=//body/main[@id='react-root']/div[2]/div[3]/div[1]/div[2]/div[3]/div[1]/div[1]/div[1]/div[1]/div[1]/div[1]/form[1]/div[1]/input[1]</arg>
<arg>adidas</arg>
<doc>Types the given ``text`` into the text field identified by ``locator``.</doc>
<msg timestamp="20220718 12:35:06.182" level="INFO">Typing text 'adidas' into text field 'xpath=//body/main[@id='react-root']/div[2]/div[3]/div[1]/div[2]/div[3]/div[1]/div[1]/div[1]/div[1]/div[1]/div[1]/form[1]/div[1]/input[1]'.</msg>
<status status="PASS" starttime="20220718 12:35:06.181" endtime="20220718 12:35:06.692"/>
</kw>
<kw name="Press Keys" library="SeleniumLibrary">
<arg>xpath=//body/main[@id='react-root']/div[2]/div[3]/div[1]/div[2]/div[3]/div[1]/div[1]/div[1]/div[1]/div[1]/div[1]/form[1]/div[1]/input[1]</arg>
<arg>\ue007</arg>
<doc>Simulates the user pressing key(s) to an element or on the active browser.</doc>
<msg timestamp="20220718 12:35:06.694" level="INFO">Sending key(s) ('\ue007',) to xpath=//body/main[@id='react-root']/div[2]/div[3]/div[1]/div[2]/div[3]/div[1]/div[1]/div[1]/div[1]/div[1]/div[1]/form[1]/div[1]/input[1] element.</msg>
<msg timestamp="20220718 12:35:07.189" level="INFO">Sending key </msg>
<status status="PASS" starttime="20220718 12:35:06.693" endtime="20220718 12:36:08.568"/>
</kw>
<kw name="Wait Until Location Is" library="SeleniumLibrary">
<arg>https://www.aboutyou.sk/about/brand/adidas-originals?cluster=true&amp;category=20202&amp;is_s=none&amp;is_h=gz&amp;term=adidas</arg>
<doc>Waits until the current URL is ``expected``.</doc>
<status status="PASS" starttime="20220718 12:36:08.569" endtime="20220718 12:36:08.578"/>
</kw>
<kw name="Capture Page Screenshot" library="SeleniumLibrary">
<doc>Takes a screenshot of the current page and embeds it into a log file.</doc>
<msg timestamp="20220718 12:36:08.962" level="INFO" html="true">&lt;/td&gt;&lt;/tr&gt;&lt;tr&gt;&lt;td colspan="3"&gt;&lt;a href="selenium-screenshot-1.png"&gt;&lt;img src="selenium-screenshot-1.png" width="800px"&gt;&lt;/a&gt;</msg>
<status status="PASS" starttime="20220718 12:36:08.578" endtime="20220718 12:36:08.962"/>
</kw>
<kw name="Close Browser" library="SeleniumLibrary">
<doc>Closes the current browser.</doc>
<status status="PASS" starttime="20220718 12:36:08.964" endtime="20220718 12:36:11.209"/>
</kw>
<status status="PASS" starttime="20220718 12:34:58.552" endtime="20220718 12:36:11.211"/>
</test>
<test id="s1-t2" name="TC_002" line="44">
<kw name="Otevri browser a stranku a zkontroluj">
<kw name="Open Browser" library="SeleniumLibrary">
<arg>${URL}</arg>
<arg>Chrome</arg>
<doc>Opens a new browser instance to the optional ``url``.</doc>
<msg timestamp="20220718 12:36:11.222" level="INFO">Opening browser 'Chrome' to base url 'https://www.aboutyou.sk/znacka?category=20202#hladat-znacku'.</msg>
<status status="PASS" starttime="20220718 12:36:11.221" endtime="20220718 12:36:17.899"/>
</kw>
<kw name="Maximize Browser Window" library="SeleniumLibrary">
<doc>Maximizes current browser window.</doc>
<status status="PASS" starttime="20220718 12:36:17.900" endtime="20220718 12:36:18.134"/>
</kw>
<kw name="Location Should Be" library="SeleniumLibrary">
<arg>${URL}</arg>
<doc>Verifies that the current URL is exactly ``url``.</doc>
<msg timestamp="20220718 12:36:18.196" level="INFO">Current location is 'https://www.aboutyou.sk/znacka?category=20202#hladat-znacku'.</msg>
<status status="PASS" starttime="20220718 12:36:18.134" endtime="20220718 12:36:18.196"/>
</kw>
<kw name="Wait Until Element Is Visible" library="SeleniumLibrary">
<arg>//button[@id='onetrust-accept-btn-handler']</arg>
<doc>Waits until the element ``locator`` is visible.</doc>
<status status="PASS" starttime="20220718 12:36:18.196" endtime="20220718 12:36:18.294"/>
</kw>
<kw name="Click Element" library="SeleniumLibrary">
<arg>//button[@id='onetrust-accept-btn-handler']</arg>
<doc>Click the element identified by ``locator``.</doc>
<msg timestamp="20220718 12:36:18.294" level="INFO">Clicking element '//button[@id='onetrust-accept-btn-handler']'.</msg>
<status status="PASS" starttime="20220718 12:36:18.294" endtime="20220718 12:36:18.564"/>
</kw>
<status status="PASS" starttime="20220718 12:36:11.219" endtime="20220718 12:36:18.564"/>
</kw>
<kw name="Input Text" library="SeleniumLibrary">
<arg>xpath=//body/main[@id='react-root']/div[2]/div[3]/div[1]/div[2]/div[3]/div[1]/div[1]/div[1]/div[1]/div[1]/div[1]/form[1]/div[1]/input[1]</arg>
<arg>lsahjfd</arg>
<doc>Types the given ``text`` into the text field identified by ``locator``.</doc>
<msg timestamp="20220718 12:36:18.566" level="INFO">Typing text 'lsahjfd' into text field 'xpath=//body/main[@id='react-root']/div[2]/div[3]/div[1]/div[2]/div[3]/div[1]/div[1]/div[1]/div[1]/div[1]/div[1]/form[1]/div[1]/input[1]'.</msg>
<status status="PASS" starttime="20220718 12:36:18.566" endtime="20220718 12:36:19.129"/>
</kw>
<kw name="Press Keys" library="SeleniumLibrary">
<arg>xpath=//body/main[@id='react-root']/div[2]/div[3]/div[1]/div[2]/div[3]/div[1]/div[1]/div[1]/div[1]/div[1]/div[1]/form[1]/div[1]/input[1]</arg>
<arg>\ue007</arg>
<doc>Simulates the user pressing key(s) to an element or on the active browser.</doc>
<msg timestamp="20220718 12:36:19.130" level="INFO">Sending key(s) ('\ue007',) to xpath=//body/main[@id='react-root']/div[2]/div[3]/div[1]/div[2]/div[3]/div[1]/div[1]/div[1]/div[1]/div[1]/div[1]/form[1]/div[1]/input[1] element.</msg>
<msg timestamp="20220718 12:36:19.582" level="INFO">Sending key </msg>
<status status="PASS" starttime="20220718 12:36:19.130" endtime="20220718 12:37:04.209"/>
</kw>
<kw name="Wait Until Location Is" library="SeleniumLibrary">
<arg>https://www.aboutyou.sk/hladanie?term=lsahjfd&amp;gender=male&amp;is_s=typein&amp;is_h=srp&amp;source=typein</arg>
<doc>Waits until the current URL is ``expected``.</doc>
<status status="PASS" starttime="20220718 12:37:04.210" endtime="20220718 12:37:04.219"/>
</kw>
<kw name="Page Should Contain Element" library="SeleniumLibrary">
<arg>xpath=//div[contains(text(),'Bohužiaľ, nenašli sme žiadne výsledky pre"lsahjfd"')]</arg>
<doc>Verifies that element ``locator`` is found on the current page.</doc>
<msg timestamp="20220718 12:37:04.231" level="INFO">Current page contains element 'xpath=//div[contains(text(),'Bohužiaľ, nenašli sme žiadne výsledky pre"lsahjfd"')]'.</msg>
<status status="PASS" starttime="20220718 12:37:04.219" endtime="20220718 12:37:04.231"/>
</kw>
<kw name="Capture Page Screenshot" library="SeleniumLibrary">
<doc>Takes a screenshot of the current page and embeds it into a log file.</doc>
<msg timestamp="20220718 12:37:04.371" level="INFO" html="true">&lt;/td&gt;&lt;/tr&gt;&lt;tr&gt;&lt;td colspan="3"&gt;&lt;a href="selenium-screenshot-2.png"&gt;&lt;img src="selenium-screenshot-2.png" width="800px"&gt;&lt;/a&gt;</msg>
<status status="PASS" starttime="20220718 12:37:04.232" endtime="20220718 12:37:04.372"/>
</kw>
<kw name="Close Browser" library="SeleniumLibrary">
<doc>Closes the current browser.</doc>
<status status="PASS" starttime="20220718 12:37:04.374" endtime="20220718 12:37:06.579"/>
</kw>
<status status="PASS" starttime="20220718 12:36:11.217" endtime="20220718 12:37:06.581"/>
</test>
<test id="s1-t3" name="TC_003" line="53">
<kw name="Otevri browser a stranku a zkontroluj">
<kw name="Open Browser" library="SeleniumLibrary">
<arg>${URL}</arg>
<arg>Chrome</arg>
<doc>Opens a new browser instance to the optional ``url``.</doc>
<msg timestamp="20220718 12:37:06.592" level="INFO">Opening browser 'Chrome' to base url 'https://www.aboutyou.sk/znacka?category=20202#hladat-znacku'.</msg>
<status status="PASS" starttime="20220718 12:37:06.590" endtime="20220718 12:37:13.049"/>
</kw>
<kw name="Maximize Browser Window" library="SeleniumLibrary">
<doc>Maximizes current browser window.</doc>
<status status="PASS" starttime="20220718 12:37:13.049" endtime="20220718 12:37:13.280"/>
</kw>
<kw name="Location Should Be" library="SeleniumLibrary">
<arg>${URL}</arg>
<doc>Verifies that the current URL is exactly ``url``.</doc>
<msg timestamp="20220718 12:37:13.349" level="INFO">Current location is 'https://www.aboutyou.sk/znacka?category=20202#hladat-znacku'.</msg>
<status status="PASS" starttime="20220718 12:37:13.281" endtime="20220718 12:37:13.349"/>
</kw>
<kw name="Wait Until Element Is Visible" library="SeleniumLibrary">
<arg>//button[@id='onetrust-accept-btn-handler']</arg>
<doc>Waits until the element ``locator`` is visible.</doc>
<status status="PASS" starttime="20220718 12:37:13.350" endtime="20220718 12:37:13.437"/>
</kw>
<kw name="Click Element" library="SeleniumLibrary">
<arg>//button[@id='onetrust-accept-btn-handler']</arg>
<doc>Click the element identified by ``locator``.</doc>
<msg timestamp="20220718 12:37:13.438" level="INFO">Clicking element '//button[@id='onetrust-accept-btn-handler']'.</msg>
<status status="PASS" starttime="20220718 12:37:13.437" endtime="20220718 12:37:13.676"/>
</kw>
<status status="PASS" starttime="20220718 12:37:06.589" endtime="20220718 12:37:13.677"/>
</kw>
<kw name="Click Element" library="SeleniumLibrary">
<arg>xpath=//body/main[@id='react-root']/div[2]/div[3]/div[1]/div[2]/div[3]/div[1]/div[1]/div[1]/div[1]/div[2]/ul[1]/li[3]/a[1]/span[1]</arg>
<doc>Click the element identified by ``locator``.</doc>
<msg timestamp="20220718 12:37:13.678" level="INFO">Clicking element 'xpath=//body/main[@id='react-root']/div[2]/div[3]/div[1]/div[2]/div[3]/div[1]/div[1]/div[1]/div[1]/div[2]/ul[1]/li[3]/a[1]/span[1]'.</msg>
<status status="PASS" starttime="20220718 12:37:13.677" endtime="20220718 12:37:13.910"/>
</kw>
<kw name="Sleep" library="BuiltIn">
<arg>1s</arg>
<doc>Pauses the test executed for the given time.</doc>
<msg timestamp="20220718 12:37:14.915" level="INFO">Slept 1 second</msg>
<status status="PASS" starttime="20220718 12:37:13.911" endtime="20220718 12:37:14.915"/>
</kw>
<kw name="Element Should Be Visible" library="SeleniumLibrary">
<arg>xpath=//span[contains(text(),'Barts')]</arg>
<doc>Verifies that the element identified by ``locator`` is visible.</doc>
<msg timestamp="20220718 12:37:14.944" level="INFO">Element 'xpath=//span[contains(text(),'Barts')]' is displayed.</msg>
<status status="PASS" starttime="20220718 12:37:14.916" endtime="20220718 12:37:14.944"/>
</kw>
<kw name="Element Should Be Visible" library="SeleniumLibrary">
<arg>xpath=//span[contains(text(),'bahé yoga')]</arg>
<doc>Verifies that the element identified by ``locator`` is visible.</doc>
<msg timestamp="20220718 12:37:14.971" level="INFO">Element 'xpath=//span[contains(text(),'bahé yoga')]' is displayed.</msg>
<status status="PASS" starttime="20220718 12:37:14.945" endtime="20220718 12:37:14.971"/>
</kw>
<kw name="Element Should Be Visible" library="SeleniumLibrary">
<arg>xpath=//span[contains(text(),'BRUNOTTI')]</arg>
<doc>Verifies that the element identified by ``locator`` is visible.</doc>
<msg timestamp="20220718 12:37:14.993" level="INFO">Element 'xpath=//span[contains(text(),'BRUNOTTI')]' is displayed.</msg>
<status status="PASS" starttime="20220718 12:37:14.972" endtime="20220718 12:37:14.993"/>
</kw>
<kw name="Capture Page Screenshot" library="SeleniumLibrary">
<doc>Takes a screenshot of the current page and embeds it into a log file.</doc>
<msg timestamp="20220718 12:37:15.131" level="INFO" html="true">&lt;/td&gt;&lt;/tr&gt;&lt;tr&gt;&lt;td colspan="3"&gt;&lt;a href="selenium-screenshot-3.png"&gt;&lt;img src="selenium-screenshot-3.png" width="800px"&gt;&lt;/a&gt;</msg>
<status status="PASS" starttime="20220718 12:37:14.994" endtime="20220718 12:37:15.131"/>
</kw>
<kw name="Close Browser" library="SeleniumLibrary">
<doc>Closes the current browser.</doc>
<status status="PASS" starttime="20220718 12:37:15.132" endtime="20220718 12:37:17.320"/>
</kw>
<status status="PASS" starttime="20220718 12:37:06.586" endtime="20220718 12:37:17.322"/>
</test>
<status status="PASS" starttime="20220718 12:34:58.287" endtime="20220718 12:37:17.329"/>
</suite>
<statistics>
<total>
<stat pass="3" fail="0" skip="0">All Tests</stat>
</total>
<tag>
</tag>
<suite>
<stat pass="3" fail="0" skip="0" id="s1" name="TS 011">TS 011</stat>
</suite>
</statistics>
<errors>
</errors>
</robot>
